#
# A fatal error has been detected by the Java Runtime Environment:
#
#  EXCEPTION_ACCESS_VIOLATION (0xc0000005) at pc=0x000000006b7de4e0, pid=14320, tid=0x0000000000003d04
#
# JRE version: Java(TM) SE Runtime Environment (8.0_161-b12) (build 1.8.0_161-b12)
# Java VM: Java HotSpot(TM) 64-Bit Server VM (25.161-b12 mixed mode windows-amd64 compressed oops)
# Problematic frame:
# C  [awt.dll+0x4e4e0]
#
# Failed to write core dump. Minidumps are not enabled by default on client versions of Windows
#
# If you would like to submit a bug report, please visit:
#   http://bugreport.java.com/bugreport/crash.jsp
# The crash happened outside the Java Virtual Machine in native code.
# See problematic frame for where to report the bug.
#

---------------  T H R E A D  ---------------

Current thread (0x000000001845a000):  JavaThread "AWT-EventQueue-0" [_thread_in_native, id=15620, stack(0x000000001f000000,0x000000001f100000)]

siginfo: ExceptionCode=0xc0000005, reading address 0x000000010090421c

Registers:
RAX=0x0000000000000000, RBX=0x000000000000000f, RCX=0x0000000000000000, RDX=0x0000000000000000
RSP=0x000000001f0fc650, RBP=0x0000000018f66cb0, RSI=0x00000001009041e0, RDI=0x0000000018f1d58a
R8 =0x0000000000000000, R9 =0x000000000000002b, R10=0x0000000028cb88c0, R11=0x0000000000000003
R12=0x000000000000001a, R13=0x00000000ff333333, R14=0x0000000018f65000, R15=0x0000000000000001
RIP=0x000000006b7de4e0, EFLAGS=0x0000000000010293

Top of Stack: (sp=0x000000001f0fc650)
0x000000001f0fc650:   0000000018f1d55b 0000000000000003
0x000000001f0fc660:   0000000028cb88c0 0000000000000013
0x000000001f0fc670:   00000000000020f0 0000000000000054
0x000000001f0fc680:   0000000000000024 0000000000000024
0x000000001f0fc690:   0000000000000024 00043ddc00000905
0x000000001f0fc6a0:   000000000003e307 000000000003e2ef
0x000000001f0fc6b0:   000000006b8d5c18 000000001845a1f8
0x000000001f0fc6c0:   0000000018f65000 0000000000000078
0x000000001f0fc6d0:   0000000018fb9880 000000006b747c8f
0x000000001f0fc6e0:   000000001f0fc770 0000000000000014
0x000000001f0fc6f0:   00000000000020f0 0000000028cb88a0
0x000000001f0fc700:   0000000000000015 0000000000000000
0x000000001f0fc710:   000000000003e2ef 0000000000000117
0x000000001f0fc720:   000000000003e307 0000000000000001
0x000000001f0fc730:   0000000018f66cb0 0000000018f65000
0x000000001f0fc740:   000000006b8d5c18 000000001f0fc810 

Instructions: (pc=0x000000006b7de4e0)
0x000000006b7de4c0:   8b c1 0b c1 41 0b c0 0f 84 e8 00 00 00 41 8b c1
0x000000006b7de4d0:   23 c1 41 23 c0 3d ff 00 00 00 0f 8d d1 00 00 00
0x000000006b7de4e0:   4c 63 14 9e 48 63 d1 4d 63 d9 4c 8d 0d 4f 10 10
0x000000006b7de4f0:   00 49 8b c2 48 c1 f8 10 0f b6 c0 42 0f b6 0c 30 


Register to memory mapping:

RAX=0x0000000000000000 is an unknown value
RBX=0x000000000000000f is an unknown value
RCX=0x0000000000000000 is an unknown value
RDX=0x0000000000000000 is an unknown value
RSP=0x000000001f0fc650 is pointing into the stack for thread: 0x000000001845a000
RBP=0x0000000018f66cb0 is an unknown value
RSI=0x00000001009041e0 is an unknown value
RDI=0x0000000018f1d58a is an unknown value
R8 =0x0000000000000000 is an unknown value
R9 =0x000000000000002b is an unknown value
R10=0x0000000028cb88c0 is an unknown value
R11=0x0000000000000003 is an unknown value
R12=0x000000000000001a is an unknown value
R13=0x00000000ff333333 is an unallocated location in the heap
R14=0x0000000018f65000 is an unknown value
R15=0x0000000000000001 is an unknown value


Stack: [0x000000001f000000,0x000000001f100000],  sp=0x000000001f0fc650,  free space=1009k
Native frames: (J=compiled Java code, j=interpreted, Vv=VM code, C=native code)
C  [awt.dll+0x4e4e0]
C  [fontmanager.dll+0x7c8f]
C  [fontmanager.dll+0x7dd3]
C  0x0000000002f476fa

Java frames: (J=compiled Java code, j=interpreted, Vv=VM code)
J 1438  sun.java2d.loops.DrawGlyphListLCD.DrawGlyphListLCD(Lsun/java2d/SunGraphics2D;Lsun/java2d/SurfaceData;Lsun/font/GlyphList;)V (0 bytes) @ 0x0000000002f4767c [0x0000000002f47600+0x7c]
J 1461 C2 sun.swing.SwingUtilities2.drawChars(Ljavax/swing/JComponent;Ljava/awt/Graphics;[CIIII)I (379 bytes) @ 0x0000000002f83f68 [0x0000000002f83380+0xbe8]
J 1443 C2 javax.swing.text.Utilities.drawTabbedText(Ljavax/swing/text/View;Ljavax/swing/text/Segment;IILjava/awt/Graphics;Ljavax/swing/text/TabExpander;I[I)I (409 bytes) @ 0x0000000002f73508 [0x0000000002f72e00+0x708]
J 1468 C2 javax.swing.text.PlainView.drawElement(ILjavax/swing/text/Element;Ljava/awt/Graphics;II)I (399 bytes) @ 0x0000000002f8fd2c [0x0000000002f8f9c0+0x36c]
J 1467 C2 javax.swing.text.PlainView.drawLine(ILjava/awt/Graphics;II)V (118 bytes) @ 0x0000000002f7bc88 [0x0000000002f7bc00+0x88]
j  javax.swing.text.PlainView.paint(Ljava/awt/Graphics;Ljava/awt/Shape;)V+424
j  javax.swing.plaf.basic.BasicTextUI$RootView.paint(Ljava/awt/Graphics;Ljava/awt/Shape;)V+48
j  javax.swing.plaf.basic.BasicTextUI.paintSafely(Ljava/awt/Graphics;)V+65
j  javax.swing.plaf.basic.BasicTextUI.paint(Ljava/awt/Graphics;Ljavax/swing/JComponent;)V+45
j  javax.swing.plaf.basic.BasicTextUI.update(Ljava/awt/Graphics;Ljavax/swing/JComponent;)V+3
j  javax.swing.JComponent.paintComponent(Ljava/awt/Graphics;)V+26
j  javax.swing.JComponent.paint(Ljava/awt/Graphics;)V+286
j  java.awt.GraphicsCallback$PaintCallback.run(Ljava/awt/Component;Ljava/awt/Graphics;)V+2
j  sun.awt.SunGraphicsCallback.runOneComponent(Ljava/awt/Component;Ljava/awt/Rectangle;Ljava/awt/Graphics;Ljava/awt/Shape;I)V+155
j  sun.awt.SunGraphicsCallback.runComponents([Ljava/awt/Component;Ljava/awt/Graphics;I)V+194
j  java.awt.Container.paint(Ljava/awt/Graphics;)V+58
j  sun.awt.RepaintArea.paintComponent(Ljava/awt/Component;Ljava/awt/Graphics;)V+6
j  sun.awt.RepaintArea.paint(Ljava/lang/Object;Z)V+326
j  sun.awt.windows.WComponentPeer.handleEvent(Ljava/awt/AWTEvent;)V+155
j  java.awt.Component.dispatchEventImpl(Ljava/awt/AWTEvent;)V+877
j  java.awt.Container.dispatchEventImpl(Ljava/awt/AWTEvent;)V+42
J 953 C1 java.awt.EventQueue.dispatchEventImpl(Ljava/awt/AWTEvent;Ljava/lang/Object;)V (149 bytes) @ 0x0000000002df163c [0x0000000002defe00+0x183c]
J 954 C1 java.awt.EventQueue$3.run()Ljava/lang/Void; (60 bytes) @ 0x0000000002dee34c [0x0000000002dee140+0x20c]
J 786 C1 java.awt.EventQueue$3.run()Ljava/lang/Object; (5 bytes) @ 0x0000000002d8684c [0x0000000002d867c0+0x8c]
v  ~StubRoutines::call_stub
J 771  java.security.AccessController.doPrivileged(Ljava/security/PrivilegedAction;Ljava/security/AccessControlContext;)Ljava/lang/Object; (0 bytes) @ 0x0000000002d7eb66 [0x0000000002d7eb00+0x66]
J 790 C1 java.awt.EventQueue$4.run()Ljava/lang/Object; (5 bytes) @ 0x0000000002d89cec [0x0000000002d898c0+0x42c]
v  ~StubRoutines::call_stub
J 771  java.security.AccessController.doPrivileged(Ljava/security/PrivilegedAction;Ljava/security/AccessControlContext;)Ljava/lang/Object; (0 bytes) @ 0x0000000002d7eb66 [0x0000000002d7eb00+0x66]
J 784 C1 java.awt.EventQueue.dispatchEvent(Ljava/awt/AWTEvent;)V (80 bytes) @ 0x0000000002d853fc [0x0000000002d84580+0xe7c]
J 958 C1 java.awt.EventDispatchThread.pumpOneEventForFilters(I)V (295 bytes) @ 0x0000000002dfa324 [0x0000000002df87c0+0x1b64]
j  java.awt.EventDispatchThread.pumpEventsForFilter(ILjava/awt/Conditional;Ljava/awt/EventFilter;)V+35
j  java.awt.EventDispatchThread.pumpEventsForHierarchy(ILjava/awt/Conditional;Ljava/awt/Component;)V+11
j  java.awt.EventDispatchThread.pumpEvents(ILjava/awt/Conditional;)V+4
j  java.awt.EventDispatchThread.pumpEvents(Ljava/awt/Conditional;)V+3
j  java.awt.EventDispatchThread.run()V+9
v  ~StubRoutines::call_stub

---------------  P R O C E S S  ---------------

Java Threads: ( => current thread )
  0x000000001806a000 JavaThread "pool-1-thread-1" [_thread_blocked, id=17028, stack(0x0000000025710000,0x0000000025810000)]
  0x0000000018ee8000 JavaThread "D3D Screen Updater" daemon [_thread_blocked, id=16200, stack(0x000000001f700000,0x000000001f800000)]
  0x0000000018edd800 JavaThread "Thread-2" [_thread_blocked, id=16252, stack(0x000000001f600000,0x000000001f700000)]
=>0x000000001845a000 JavaThread "AWT-EventQueue-0" [_thread_in_native, id=15620, stack(0x000000001f000000,0x000000001f100000)]
  0x0000000018434800 JavaThread "AWT-Windows" daemon [_thread_in_native, id=15840, stack(0x0000000019670000,0x0000000019770000)]
  0x0000000018431000 JavaThread "AWT-Shutdown" [_thread_blocked, id=8660, stack(0x0000000019570000,0x0000000019670000)]
  0x0000000018430000 JavaThread "Java2D Disposer" daemon [_thread_blocked, id=16024, stack(0x0000000019410000,0x0000000019510000)]
  0x00000000180e6800 JavaThread "Service Thread" daemon [_thread_blocked, id=5636, stack(0x0000000018960000,0x0000000018a60000)]
  0x00000000180b4000 JavaThread "C1 CompilerThread2" daemon [_thread_blocked, id=16140, stack(0x0000000018860000,0x0000000018960000)]
  0x000000001807b000 JavaThread "C2 CompilerThread1" daemon [_thread_blocked, id=16356, stack(0x0000000018760000,0x0000000018860000)]
  0x0000000016d1e000 JavaThread "C2 CompilerThread0" daemon [_thread_blocked, id=15484, stack(0x0000000018660000,0x0000000018760000)]
  0x0000000016d69000 JavaThread "Attach Listener" daemon [_thread_blocked, id=15436, stack(0x0000000018560000,0x0000000018660000)]
  0x0000000018068800 JavaThread "Signal Dispatcher" daemon [_thread_blocked, id=15572, stack(0x0000000018460000,0x0000000018560000)]
  0x0000000016cf9800 JavaThread "Finalizer" daemon [_thread_blocked, id=15560, stack(0x0000000017f60000,0x0000000018060000)]
  0x0000000002aa1000 JavaThread "Reference Handler" daemon [_thread_blocked, id=15972, stack(0x0000000017e60000,0x0000000017f60000)]
  0x00000000029ad800 JavaThread "main" [_thread_in_native, id=14132, stack(0x0000000002820000,0x0000000002920000)]

Other Threads:
  0x0000000016cd7000 VMThread [stack: 0x0000000017d60000,0x0000000017e60000] [id=16096]
  0x00000000180e9800 WatcherThread [stack: 0x0000000018a60000,0x0000000018b60000] [id=7464]

VM state:not at safepoint (normal execution)

VM Mutex/Monitor currently owned by a thread: None

Heap:
 PSYoungGen      total 233472K, used 37116K [0x00000000daf00000, 0x00000000e9700000, 0x0000000100000000)
  eden space 229376K, 15% used [0x00000000daf00000,0x00000000dd1fd090,0x00000000e8f00000)
  from space 4096K, 31% used [0x00000000e9300000,0x00000000e9442018,0x00000000e9700000)
  to   space 4096K, 0% used [0x00000000e8f00000,0x00000000e8f00000,0x00000000e9300000)
 ParOldGen       total 76800K, used 2930K [0x0000000090c00000, 0x0000000095700000, 0x00000000daf00000)
  object space 76800K, 3% used [0x0000000090c00000,0x0000000090edc920,0x0000000095700000)
 Metaspace       used 11903K, capacity 12156K, committed 12288K, reserved 1060864K
  class space    used 1407K, capacity 1484K, committed 1536K, reserved 1048576K

Card table byte_map: [0x0000000011e70000,0x00000000121f0000] byte_map_base: 0x00000000119ea000

Marking Bits: (ParMarkBitMap*) 0x000000006a92f860
 Begin Bits: [0x0000000012850000, 0x0000000014420000)
 End Bits:   [0x0000000014420000, 0x0000000015ff0000)

Polling page: 0x00000000003f0000

CodeCache: size=245760Kb used=5343Kb max_used=5351Kb free=240416Kb
 bounds [0x0000000002ab0000, 0x0000000002ff0000, 0x0000000011ab0000]
 total_blobs=2038 nmethods=1564 adapters=387
 compilation: enabled

Compilation events (10 events):
Event: 89.907 Thread 0x00000000180b4000 1564       3       sun.java2d.SunGraphics2D::checkFontInfo (721 bytes)
Event: 89.910 Thread 0x00000000180b4000 nmethod 1564 0x0000000002fd00d0 code [0x0000000002fd0520, 0x0000000002fd2c88]
Event: 89.930 Thread 0x000000001807b000 nmethod 1535 0x0000000002fda2d0 code [0x0000000002fda660, 0x0000000002fddca8]
Event: 89.931 Thread 0x000000001807b000 1537       4       javax.swing.text.AbstractDocument::handleInsertString (189 bytes)
Event: 89.993 Thread 0x0000000016d1e000 nmethod 1536 0x0000000002fe2850 code [0x0000000002fe2ba0, 0x0000000002fe5be0]
Event: 89.993 Thread 0x0000000016d1e000 1538       4       javax.swing.text.GapContent::insertString (54 bytes)
Event: 90.002 Thread 0x0000000016d1e000 nmethod 1538 0x0000000002fc05d0 code [0x0000000002fc0760, 0x0000000002fc0d08]
Event: 90.027 Thread 0x000000001807b000 nmethod 1537 0x0000000002fe9610 code [0x0000000002fe9920, 0x0000000002fec020]
Event: 90.263 Thread 0x0000000016d1e000 1565       4       sun.java2d.SunGraphics2D::checkFontInfo (721 bytes)
Event: 90.298 Thread 0x0000000016d1e000 nmethod 1565 0x0000000002fd4f50 code [0x0000000002fd51a0, 0x0000000002fd6648]

GC Heap History (10 events):
Event: 88.621 GC heap before
{Heap before GC invocations=4 (full 0):
 PSYoungGen      total 33280K, used 31666K [0x00000000daf00000, 0x00000000df000000, 0x0000000100000000)
  eden space 28672K, 100% used [0x00000000daf00000,0x00000000dcb00000,0x00000000dcb00000)
  from space 4608K, 64% used [0x00000000dcb00000,0x00000000dcdec820,0x00000000dcf80000)
  to   space 4608K, 0% used [0x00000000deb80000,0x00000000deb80000,0x00000000df000000)
 ParOldGen       total 76800K, used 59K [0x0000000090c00000, 0x0000000095700000, 0x00000000daf00000)
  object space 76800K, 0% used [0x0000000090c00000,0x0000000090c0ec50,0x0000000095700000)
 Metaspace       used 11780K, capacity 12028K, committed 12288K, reserved 1060864K
  class space    used 1407K, capacity 1484K, committed 1536K, reserved 1048576K
Event: 88.630 GC heap after
Heap after GC invocations=4 (full 0):
 PSYoungGen      total 61952K, used 3098K [0x00000000daf00000, 0x00000000df000000, 0x0000000100000000)
  eden space 57344K, 0% used [0x00000000daf00000,0x00000000daf00000,0x00000000de700000)
  from space 4608K, 67% used [0x00000000deb80000,0x00000000dee86820,0x00000000df000000)
  to   space 4608K, 0% used [0x00000000de700000,0x00000000de700000,0x00000000deb80000)
 ParOldGen       total 76800K, used 59K [0x0000000090c00000, 0x0000000095700000, 0x00000000daf00000)
  object space 76800K, 0% used [0x0000000090c00000,0x0000000090c0ec50,0x0000000095700000)
 Metaspace       used 11780K, capacity 12028K, committed 12288K, reserved 1060864K
  class space    used 1407K, capacity 1484K, committed 1536K, reserved 1048576K
}
Event: 88.726 GC heap before
{Heap before GC invocations=5 (full 0):
 PSYoungGen      total 61952K, used 60442K [0x00000000daf00000, 0x00000000df000000, 0x0000000100000000)
  eden space 57344K, 100% used [0x00000000daf00000,0x00000000de700000,0x00000000de700000)
  from space 4608K, 67% used [0x00000000deb80000,0x00000000dee86820,0x00000000df000000)
  to   space 4608K, 0% used [0x00000000de700000,0x00000000de700000,0x00000000deb80000)
 ParOldGen       total 76800K, used 59K [0x0000000090c00000, 0x0000000095700000, 0x00000000daf00000)
  object space 76800K, 0% used [0x0000000090c00000,0x0000000090c0ec50,0x0000000095700000)
 Metaspace       used 11814K, capacity 12028K, committed 12288K, reserved 1060864K
  class space    used 1407K, capacity 1484K, committed 1536K, reserved 1048576K
Event: 88.734 GC heap after
Heap after GC invocations=5 (full 0):
 PSYoungGen      total 61952K, used 3268K [0x00000000daf00000, 0x00000000e2600000, 0x0000000100000000)
  eden space 57344K, 0% used [0x00000000daf00000,0x00000000daf00000,0x00000000de700000)
  from space 4608K, 70% used [0x00000000de700000,0x00000000dea31048,0x00000000deb80000)
  to   space 3584K, 0% used [0x00000000e2280000,0x00000000e2280000,0x00000000e2600000)
 ParOldGen       total 76800K, used 67K [0x0000000090c00000, 0x0000000095700000, 0x00000000daf00000)
  object space 76800K, 0% used [0x0000000090c00000,0x0000000090c10c50,0x0000000095700000)
 Metaspace       used 11814K, capacity 12028K, committed 12288K, reserved 1060864K
  class space    used 1407K, capacity 1484K, committed 1536K, reserved 1048576K
}
Event: 88.787 GC heap before
{Heap before GC invocations=6 (full 0):
 PSYoungGen      total 61952K, used 60612K [0x00000000daf00000, 0x00000000e2600000, 0x0000000100000000)
  eden space 57344K, 100% used [0x00000000daf00000,0x00000000de700000,0x00000000de700000)
  from space 4608K, 70% used [0x00000000de700000,0x00000000dea31048,0x00000000deb80000)
  to   space 3584K, 0% used [0x00000000e2280000,0x00000000e2280000,0x00000000e2600000)
 ParOldGen       total 76800K, used 67K [0x0000000090c00000, 0x0000000095700000, 0x00000000daf00000)
  object space 76800K, 0% used [0x0000000090c00000,0x0000000090c10c50,0x0000000095700000)
 Metaspace       used 11814K, capacity 12028K, committed 12288K, reserved 1060864K
  class space    used 1407K, capacity 1484K, committed 1536K, reserved 1048576K
Event: 88.796 GC heap after
Heap after GC invocations=6 (full 0):
 PSYoungGen      total 118272K, used 3412K [0x00000000daf00000, 0x00000000e2600000, 0x0000000100000000)
  eden space 114688K, 0% used [0x00000000daf00000,0x00000000daf00000,0x00000000e1f00000)
  from space 3584K, 95% used [0x00000000e2280000,0x00000000e25d5048,0x00000000e2600000)
  to   space 3584K, 0% used [0x00000000e1f00000,0x00000000e1f00000,0x00000000e2280000)
 ParOldGen       total 76800K, used 75K [0x0000000090c00000, 0x0000000095700000, 0x00000000daf00000)
  object space 76800K, 0% used [0x0000000090c00000,0x0000000090c12c50,0x0000000095700000)
 Metaspace       used 11814K, capacity 12028K, committed 12288K, reserved 1060864K
  class space    used 1407K, capacity 1484K, committed 1536K, reserved 1048576K
}
Event: 89.710 GC heap before
{Heap before GC invocations=7 (full 0):
 PSYoungGen      total 118272K, used 118100K [0x00000000daf00000, 0x00000000e2600000, 0x0000000100000000)
  eden space 114688K, 100% used [0x00000000daf00000,0x00000000e1f00000,0x00000000e1f00000)
  from space 3584K, 95% used [0x00000000e2280000,0x00000000e25d5048,0x00000000e2600000)
  to   space 3584K, 0% used [0x00000000e1f00000,0x00000000e1f00000,0x00000000e2280000)
 ParOldGen       total 76800K, used 75K [0x0000000090c00000, 0x0000000095700000, 0x00000000daf00000)
  object space 76800K, 0% used [0x0000000090c00000,0x0000000090c12c50,0x0000000095700000)
 Metaspace       used 11871K, capacity 12092K, committed 12288K, reserved 1060864K
  class space    used 1407K, capacity 1484K, committed 1536K, reserved 1048576K
Event: 89.720 GC heap after
Heap after GC invocations=7 (full 0):
 PSYoungGen      total 118272K, used 1520K [0x00000000daf00000, 0x00000000e9700000, 0x0000000100000000)
  eden space 114688K, 0% used [0x00000000daf00000,0x00000000daf00000,0x00000000e1f00000)
  from space 3584K, 42% used [0x00000000e1f00000,0x00000000e207c008,0x00000000e2280000)
  to   space 4096K, 0% used [0x00000000e9300000,0x00000000e9300000,0x00000000e9700000)
 ParOldGen       total 76800K, used 2802K [0x0000000090c00000, 0x0000000095700000, 0x00000000daf00000)
  object space 76800K, 3% used [0x0000000090c00000,0x0000000090ebc920,0x0000000095700000)
 Metaspace       used 11871K, capacity 12092K, committed 12288K, reserved 1060864K
  class space    used 1407K, capacity 1484K, committed 1536K, reserved 1048576K
}
Event: 89.854 GC heap before
{Heap before GC invocations=8 (full 0):
 PSYoungGen      total 118272K, used 116208K [0x00000000daf00000, 0x00000000e9700000, 0x0000000100000000)
  eden space 114688K, 100% used [0x00000000daf00000,0x00000000e1f00000,0x00000000e1f00000)
  from space 3584K, 42% used [0x00000000e1f00000,0x00000000e207c008,0x00000000e2280000)
  to   space 4096K, 0% used [0x00000000e9300000,0x00000000e9300000,0x00000000e9700000)
 ParOldGen       total 76800K, used 2802K [0x0000000090c00000, 0x0000000095700000, 0x00000000daf00000)
  object space 76800K, 3% used [0x0000000090c00000,0x0000000090ebc920,0x0000000095700000)
 Metaspace       used 11893K, capacity 12092K, committed 12288K, reserved 1060864K
  class space    used 1407K, capacity 1484K, committed 1536K, reserved 1048576K
Event: 89.859 GC heap after
Heap after GC invocations=8 (full 0):
 PSYoungGen      total 233472K, used 1288K [0x00000000daf00000, 0x00000000e9700000, 0x0000000100000000)
  eden space 229376K, 0% used [0x00000000daf00000,0x00000000daf00000,0x00000000e8f00000)
  from space 4096K, 31% used [0x00000000e9300000,0x00000000e9442018,0x00000000e9700000)
  to   space 4096K, 0% used [0x00000000e8f00000,0x00000000e8f00000,0x00000000e9300000)
 ParOldGen       total 76800K, used 2930K [0x0000000090c00000, 0x0000000095700000, 0x00000000daf00000)
  object space 76800K, 3% used [0x0000000090c00000,0x0000000090edc920,0x0000000095700000)
 Metaspace       used 11893K, capacity 12092K, committed 12288K, reserved 1060864K
  class space    used 1407K, capacity 1484K, committed 1536K, reserved 1048576K
}

Deoptimization events (10 events):
Event: 0.914 Thread 0x00000000029ad800 Uncommon trap: reason=class_check action=maybe_recompile pc=0x0000000002bc9c68 method=java.lang.String.equals(Ljava/lang/Object;)Z @ 8
Event: 0.914 Thread 0x00000000029ad800 Uncommon trap: reason=class_check action=maybe_recompile pc=0x0000000002bc9c68 method=java.lang.String.equals(Ljava/lang/Object;)Z @ 8
Event: 0.914 Thread 0x00000000029ad800 Uncommon trap: reason=class_check action=maybe_recompile pc=0x0000000002bc9c68 method=java.lang.String.equals(Ljava/lang/Object;)Z @ 8
Event: 0.995 Thread 0x00000000029ad800 Uncommon trap: reason=unstable_if action=reinterpret pc=0x0000000002c989dc method=java.lang.String.toLowerCase(Ljava/util/Locale;)Ljava/lang/String; @ 37
Event: 1.078 Thread 0x0000000018edd800 Uncommon trap: reason=unstable_if action=reinterpret pc=0x0000000002cfc7f4 method=java.lang.ThreadLocal.get()Ljava/lang/Object; @ 11
Event: 54.667 Thread 0x000000001845a000 Uncommon trap: reason=unstable_if action=reinterpret pc=0x0000000002df7d78 method=sun.font.CMap$CMapFormat4.getGlyph(I)C @ 181
Event: 88.998 Thread 0x0000000018edd800 Uncommon trap: reason=class_check action=maybe_recompile pc=0x0000000002f1ddbc method=javax.swing.RepaintManager.addDirtyRegion0(Ljava/awt/Container;IIII)V @ 16
Event: 89.309 Thread 0x000000001845a000 Uncommon trap: reason=unstable_if action=reinterpret pc=0x0000000002f8106c method=sun.java2d.SunGraphics2D.checkFontInfo(Lsun/java2d/loops/FontInfo;Ljava/awt/Font;Ljava/awt/font/FontRenderContext;)Lsun/java2d/loops/FontInfo; @ 1
Event: 89.899 Thread 0x000000001845a000 Uncommon trap: reason=unstable_if action=reinterpret pc=0x0000000002f95f24 method=sun.java2d.SurfaceData.canRenderLCDText(Lsun/java2d/SunGraphics2D;)Z @ 38
Event: 90.014 Thread 0x0000000018edd800 Uncommon trap: reason=class_check action=maybe_recompile pc=0x0000000002f1ddbc method=javax.swing.RepaintManager.addDirtyRegion0(Ljava/awt/Container;IIII)V @ 16

Classes redefined (0 events):
No events

Internal exceptions (10 events):
Event: 0.066 Thread 0x00000000029ad800 Exception <a 'java/lang/NoSuchMethodError': Method sun.misc.Unsafe.prefetchRead(Ljava/lang/Object;J)V name or signature does not match> (0x00000000daf07f88) thrown at [C:\re\workspace\8-2-build-windows-amd64-cygwin\jdk8u161\10277\hotspot\src\share\vm\prim
Event: 0.283 Thread 0x00000000029ad800 Exception <a 'java/security/PrivilegedActionException'> (0x00000000dafe1388) thrown at [C:\re\workspace\8-2-build-windows-amd64-cygwin\jdk8u161\10277\hotspot\src\share\vm\prims\jvm.cpp, line 1390]
Event: 0.283 Thread 0x00000000029ad800 Exception <a 'java/security/PrivilegedActionException'> (0x00000000dafe1598) thrown at [C:\re\workspace\8-2-build-windows-amd64-cygwin\jdk8u161\10277\hotspot\src\share\vm\prims\jvm.cpp, line 1390]
Event: 0.285 Thread 0x00000000029ad800 Exception <a 'java/security/PrivilegedActionException'> (0x00000000dafe54a8) thrown at [C:\re\workspace\8-2-build-windows-amd64-cygwin\jdk8u161\10277\hotspot\src\share\vm\prims\jvm.cpp, line 1390]
Event: 0.285 Thread 0x00000000029ad800 Exception <a 'java/security/PrivilegedActionException'> (0x00000000dafe56b8) thrown at [C:\re\workspace\8-2-build-windows-amd64-cygwin\jdk8u161\10277\hotspot\src\share\vm\prims\jvm.cpp, line 1390]
Event: 0.297 Thread 0x00000000029ad800 Exception <a 'java/io/FileNotFoundException'> (0x00000000dafed1b8) thrown at [C:\re\workspace\8-2-build-windows-amd64-cygwin\jdk8u161\10277\hotspot\src\share\vm\prims\jni.cpp, line 709]
Event: 0.399 Thread 0x00000000029ad800 Exception <a 'java/lang/NoSuchFieldError': method resolution failed> (0x00000000db14dfe8) thrown at [C:\re\workspace\8-2-build-windows-amd64-cygwin\jdk8u161\10277\hotspot\src\share\vm\prims\methodHandles.cpp, line 1167]
Event: 0.412 Thread 0x00000000029ad800 Exception <a 'java/lang/NoSuchFieldError': method resolution failed> (0x00000000db15b3b8) thrown at [C:\re\workspace\8-2-build-windows-amd64-cygwin\jdk8u161\10277\hotspot\src\share\vm\prims\methodHandles.cpp, line 1167]
Event: 0.501 Thread 0x00000000029ad800 Exception <a 'java/io/FileNotFoundException'> (0x00000000db1f3700) thrown at [C:\re\workspace\8-2-build-windows-amd64-cygwin\jdk8u161\10277\hotspot\src\share\vm\prims\jni.cpp, line 709]
Event: 1.078 Thread 0x0000000018edd800 Implicit null exception at 0x0000000002cfc75a to 0x0000000002cfc7e1

Events (10 events):
Event: 89.710 Executing VM operation: ParallelGCFailedAllocation
Event: 89.720 Executing VM operation: ParallelGCFailedAllocation done
Event: 89.854 Executing VM operation: ParallelGCFailedAllocation
Event: 89.859 Executing VM operation: ParallelGCFailedAllocation done
Event: 89.899 Thread 0x000000001845a000 Uncommon trap: trap_request=0xffffff65 fr.pc=0x0000000002f95f24
Event: 89.899 Thread 0x000000001845a000 DEOPT PACKING pc=0x0000000002f95f24 sp=0x000000001f0fc8a0
Event: 89.899 Thread 0x000000001845a000 DEOPT UNPACKING pc=0x0000000002af583b sp=0x000000001f0fc7e0 mode 2
Event: 90.014 Thread 0x0000000018edd800 Uncommon trap: trap_request=0xffffffde fr.pc=0x0000000002f1ddbc
Event: 90.014 Thread 0x0000000018edd800 DEOPT PACKING pc=0x0000000002f1ddbc sp=0x000000001f6ff0e0
Event: 90.014 Thread 0x0000000018edd800 DEOPT UNPACKING pc=0x0000000002af583b sp=0x000000001f6ff0a0 mode 2


Dynamic libraries:
0x00007ff7f3fa0000 - 0x00007ff7f3fd7000 	C:\Program Files\Java\jdk1.8.0_161\bin\javaw.exe
0x00007ffb98410000 - 0x00007ffb985f1000 	C:\WINDOWS\SYSTEM32\ntdll.dll
0x00007ffb959c0000 - 0x00007ffb95a71000 	C:\WINDOWS\System32\KERNEL32.DLL
0x00007ffb94e60000 - 0x00007ffb950d3000 	C:\WINDOWS\System32\KERNELBASE.dll
0x00007ffb95a80000 - 0x00007ffb95b21000 	C:\WINDOWS\System32\ADVAPI32.dll
0x00007ffb98340000 - 0x00007ffb983de000 	C:\WINDOWS\System32\msvcrt.dll
0x00007ffb95b30000 - 0x00007ffb95b8b000 	C:\WINDOWS\System32\sechost.dll
0x00007ffb96020000 - 0x00007ffb96144000 	C:\WINDOWS\System32\RPCRT4.dll
0x00007ffb966e0000 - 0x00007ffb96870000 	C:\WINDOWS\System32\USER32.dll
0x00007ffb94ce0000 - 0x00007ffb94d00000 	C:\WINDOWS\System32\win32u.dll
0x00007ffb95e10000 - 0x00007ffb95e38000 	C:\WINDOWS\System32\GDI32.dll
0x00007ffb94850000 - 0x00007ffb949e1000 	C:\WINDOWS\System32\gdi32full.dll
0x00007ffb950e0000 - 0x00007ffb9517f000 	C:\WINDOWS\System32\msvcp_win.dll
0x00007ffb94be0000 - 0x00007ffb94cd8000 	C:\WINDOWS\System32\ucrtbase.dll
0x00007ffb85c60000 - 0x00007ffb85ec9000 	C:\WINDOWS\WinSxS\amd64_microsoft.windows.common-controls_6595b64144ccf1df_6.0.17134.1006_none_d3fbb8f77c940c3f\COMCTL32.dll
0x00007ffb97fb0000 - 0x00007ffb982d1000 	C:\WINDOWS\System32\combase.dll
0x00007ffb947d0000 - 0x00007ffb94849000 	C:\WINDOWS\System32\bcryptPrimitives.dll
0x00007ffb95fc0000 - 0x00007ffb95fed000 	C:\WINDOWS\System32\IMM32.DLL
0x000000006b990000 - 0x000000006ba62000 	C:\Program Files\Java\jdk1.8.0_161\jre\bin\msvcr100.dll
0x000000006a110000 - 0x000000006a9af000 	C:\Program Files\Java\jdk1.8.0_161\jre\bin\server\jvm.dll
0x00007ffb96620000 - 0x00007ffb96628000 	C:\WINDOWS\System32\PSAPI.DLL
0x00007ffb92280000 - 0x00007ffb922a3000 	C:\WINDOWS\SYSTEM32\WINMM.dll
0x00007ffb8b6e0000 - 0x00007ffb8b6e9000 	C:\WINDOWS\SYSTEM32\WSOCK32.dll
0x00007ffb96150000 - 0x00007ffb961bc000 	C:\WINDOWS\System32\WS2_32.dll
0x00007ffb92250000 - 0x00007ffb9227a000 	C:\WINDOWS\SYSTEM32\WINMMBASE.dll
0x00007ffb94db0000 - 0x00007ffb94df9000 	C:\WINDOWS\System32\cfgmgr32.dll
0x00007ffb8fc60000 - 0x00007ffb8fc6a000 	C:\WINDOWS\SYSTEM32\VERSION.dll
0x000000006b980000 - 0x000000006b98f000 	C:\Program Files\Java\jdk1.8.0_161\jre\bin\verify.dll
0x000000006b950000 - 0x000000006b979000 	C:\Program Files\Java\jdk1.8.0_161\jre\bin\java.dll
0x000000006b930000 - 0x000000006b946000 	C:\Program Files\Java\jdk1.8.0_161\jre\bin\zip.dll
0x00007ffb96910000 - 0x00007ffb97d52000 	C:\WINDOWS\System32\SHELL32.dll
0x00007ffb96630000 - 0x00007ffb966d9000 	C:\WINDOWS\System32\shcore.dll
0x00007ffb95180000 - 0x00007ffb9588e000 	C:\WINDOWS\System32\windows.storage.dll
0x00007ffb95db0000 - 0x00007ffb95e01000 	C:\WINDOWS\System32\shlwapi.dll
0x00007ffb947b0000 - 0x00007ffb947c1000 	C:\WINDOWS\System32\kernel.appcore.dll
0x00007ffb94760000 - 0x00007ffb9477f000 	C:\WINDOWS\System32\profapi.dll
0x00007ffb94710000 - 0x00007ffb9475c000 	C:\WINDOWS\System32\powrprof.dll
0x00007ffb947a0000 - 0x00007ffb947aa000 	C:\WINDOWS\System32\FLTLIB.DLL
0x000000006b790000 - 0x000000006b928000 	C:\Program Files\Java\jdk1.8.0_161\jre\bin\awt.dll
0x00007ffb958f0000 - 0x00007ffb959b2000 	C:\WINDOWS\System32\OLEAUT32.dll
0x00007ffb92a50000 - 0x00007ffb92adb000 	C:\WINDOWS\SYSTEM32\apphelp.dll
0x00007ffb92e60000 - 0x00007ffb92e89000 	C:\WINDOWS\system32\DWMAPI.DLL
0x00007ffb92bc0000 - 0x00007ffb92c58000 	C:\WINDOWS\system32\uxtheme.dll
0x00007ffb82d30000 - 0x00007ffb82e50000 	C:\WINDOWS\system32\opengl32.dll
0x00007ffb8d4f0000 - 0x00007ffb8d51c000 	C:\WINDOWS\SYSTEM32\GLU32.dll
0x00007ffb95e40000 - 0x00007ffb95fb3000 	C:\WINDOWS\System32\MSCTF.dll
0x00007ffb97e50000 - 0x00007ffb97fa1000 	C:\WINDOWS\System32\ole32.dll
0x00007ffb82b90000 - 0x00007ffb82d27000 	C:\WINDOWS\system32\d3d9.dll
0x00007ffb8f2e0000 - 0x00007ffb8f4bb000 	C:\WINDOWS\System32\DriverStore\FileRepository\u0337288.inf_amd64_e18692686066629e\B337205\aticfx64.dll
0x00007ffb88a20000 - 0x00007ffb88a51000 	C:\WINDOWS\System32\DriverStore\FileRepository\u0337288.inf_amd64_e18692686066629e\B337205\atiu9p64.dll
0x00007ffb67ee0000 - 0x00007ffb68c26000 	C:\WINDOWS\System32\DriverStore\FileRepository\u0337288.inf_amd64_e18692686066629e\B337205\atiumd64.dll
0x0000000069410000 - 0x000000006a106000 	C:\WINDOWS\System32\DriverStore\FileRepository\u0337288.inf_amd64_e18692686066629e\B337205\atiumd6a.dll
0x000000006b740000 - 0x000000006b787000 	C:\Program Files\Java\jdk1.8.0_161\jre\bin\fontmanager.dll
0x000000006b720000 - 0x000000006b73a000 	C:\Program Files\Java\jdk1.8.0_161\jre\bin\net.dll
0x00007ffb93f70000 - 0x00007ffb93fd6000 	C:\WINDOWS\system32\mswsock.dll
0x000000006b700000 - 0x000000006b711000 	C:\Program Files\Java\jdk1.8.0_161\jre\bin\nio.dll
0x00007ffb96870000 - 0x00007ffb96910000 	C:\WINDOWS\System32\clbcatq.dll
0x00007ffb909a0000 - 0x00007ffb90b4e000 	C:\WINDOWS\SYSTEM32\WindowsCodecs.dll
0x00007ffb79fd0000 - 0x00007ffb7a028000 	C:\WINDOWS\system32\dataexchange.dll
0x00007ffb91970000 - 0x00007ffb91c7b000 	C:\WINDOWS\system32\d3d11.dll
0x00007ffb922b0000 - 0x00007ffb9244c000 	C:\WINDOWS\system32\dcomp.dll
0x00007ffb93480000 - 0x00007ffb9353b000 	C:\WINDOWS\system32\dxgi.dll
0x00007ffb92fa0000 - 0x00007ffb93158000 	C:\WINDOWS\system32\twinapi.appcore.dll
0x00007ffb92f40000 - 0x00007ffb92f61000 	C:\WINDOWS\system32\RMCLIENT.dll
0x000000006b6b0000 - 0x000000006b6f2000 	C:\Program Files\Java\jdk1.8.0_161\jre\bin\t2k.dll
0x00007ffb8b400000 - 0x00007ffb8b496000 	C:\WINDOWS\System32\TextInputFramework.dll
0x00007ffb92510000 - 0x00007ffb925ea000 	C:\WINDOWS\System32\CoreMessaging.dll
0x00007ffb900b0000 - 0x00007ffb903ce000 	C:\WINDOWS\System32\CoreUIComponents.dll
0x00007ffb937b0000 - 0x00007ffb937e1000 	C:\WINDOWS\SYSTEM32\ntmarta.dll
0x00007ffb8ff60000 - 0x00007ffb900ad000 	C:\WINDOWS\SYSTEM32\wintypes.dll
0x00007ffb70bd0000 - 0x00007ffb70db9000 	C:\WINDOWS\system32\SogouTSF.ime
0x00007ffb837e0000 - 0x00007ffb837e7000 	C:\WINDOWS\system32\MSIMG32.dll
0x00007ffb6b5f0000 - 0x00007ffb6be74000 	C:\WINDOWS\system32\SogouPy.ime
0x00007ffb7b8c0000 - 0x00007ffb7b92b000 	C:\WINDOWS\SYSTEM32\OLEACC.dll
0x00007ffb8e490000 - 0x00007ffb8e56d000 	C:\WINDOWS\SYSTEM32\WINHTTP.dll
0x0000000021cb0000 - 0x0000000021dec000 	D:\学习软件集\常用软件\sogoupinyin\9.4.0.3336\Resource.dll
0x00007ffb6a570000 - 0x00007ffb6a7d9000 	D:\学习软件集\常用软件\sogoupinyin\Components\PicFace\1.1.0.1867\PicFace64.dll
0x00007ffb97d60000 - 0x00007ffb97e4d000 	C:\WINDOWS\System32\COMDLG32.dll
0x00007ffb812d0000 - 0x00007ffb81499000 	C:\WINDOWS\SYSTEM32\dbghelp.dll

VM Arguments:
jvm_args: -Dfile.encoding=GBK 
java_command: 多客户端服务器.MyTcp
java_class_path (initial): E:\my_java\网络\bin
Launcher Type: SUN_STANDARD

Environment Variables:
PATH=C:/Program Files/Java/jre1.8.0_161/bin/server;C:/Program Files/Java/jre1.8.0_161/bin;C:/Program Files/Java/jre1.8.0_161/lib/amd64;C:\ProgramData\Oracle\Java\javapath;C:\WINDOWS\system32;C:\WINDOWS;C:\WINDOWS\System32\Wbem;C:\WINDOWS\System32\WindowsPowerShell\v1.0\;C:\WINDOWS\System32\OpenSSH\;C:\Program Files\Git\cmd;C:\Program Files\TortoiseGit\bin;C:\Users\BUG\AppData\Local\Microsoft\WindowsApps;;D:\360安全浏览器下载\eclipse-java-2019-03-R-win32-x86_64\eclipse;
USERNAME=BUG
OS=Windows_NT
PROCESSOR_IDENTIFIER=AMD64 Family 21 Model 48 Stepping 1, AuthenticAMD



---------------  S Y S T E M  ---------------

OS: Windows 10.0 , 64 bit Build 17134 (10.0.17134.753)

CPU:total 4 (initial active 4) (4 cores per cpu, 1 threads per core) family 21 model 48 stepping 1, cmov, cx8, fxsr, mmx, sse, sse2, sse3, ssse3, sse4.1, sse4.2, popcnt, avx, aes, clmul, mmxext, 3dnowpref, lzcnt, sse4a, tsc, tscinvbit, tscinv, bmi1

Memory: 4k page, physical 7285256k(4356736k free), swap 8137224k(4498108k free)

vm_info: Java HotSpot(TM) 64-Bit Server VM (25.161-b12) for windows-amd64 JRE (1.8.0_161-b12), built on Dec 19 2017 17:52:25 by "java_re" with MS VC++ 10.0 (VS2010)

time: Fri Sep 27 12:16:24 2019
elapsed time: 90 seconds (0d 0h 1m 30s)

