#
# A fatal error has been detected by the Java Runtime Environment:
#
#  EXCEPTION_ACCESS_VIOLATION (0xc0000005) at pc=0x000000005b08e4e0, pid=3748, tid=0x0000000000003c48
#
# JRE version: Java(TM) SE Runtime Environment (8.0_161-b12) (build 1.8.0_161-b12)
# Java VM: Java HotSpot(TM) 64-Bit Server VM (25.161-b12 mixed mode windows-amd64 compressed oops)
# Problematic frame:
# C  [awt.dll+0x4e4e0]
#
# Failed to write core dump. Minidumps are not enabled by default on client versions of Windows
#
# If you would like to submit a bug report, please visit:
#   http://bugreport.java.com/bugreport/crash.jsp
# The crash happened outside the Java Virtual Machine in native code.
# See problematic frame for where to report the bug.
#

---------------  T H R E A D  ---------------

Current thread (0x000000001934f800):  JavaThread "AWT-EventQueue-0" [_thread_in_native, id=15432, stack(0x000000001f730000,0x000000001f830000)]

siginfo: ExceptionCode=0xc0000005, reading address 0x000000011f040028

Registers:
RAX=0x0000000000000000, RBX=0x000000000000000a, RCX=0x000000000000002b, RDX=0x0000000000000000
RSP=0x000000001f82c3a0, RBP=0x0000000019a5add0, RSI=0x000000011f040000, RDI=0x0000000019602fab
R8 =0x0000000000000054, R9 =0x0000000000000080, R10=0x0000000019788e40, R11=0x0000000000000003
R12=0x000000000000001a, R13=0x00000000ff333333, R14=0x0000000019a5aaa0, R15=0x0000000000000001
RIP=0x000000005b08e4e0, EFLAGS=0x0000000000010293

Top of Stack: (sp=0x000000001f82c3a0)
0x000000001f82c3a0:   0000000019602f8b 0000000000000003
0x000000001f82c3b0:   0000000019788e40 0000000000000008
0x000000001f82c3c0:   00000000000004ac 0000000000000054
0x000000001f82c3d0:   0000000000000024 0000000000000024
0x000000001f82c3e0:   0000000000000024 0022f650000002bf
0x000000001f82c3f0:   00000000001b6603 00000000001b65ec
0x000000001f82c400:   000000005b185c18 000000001934f9f8
0x000000001f82c410:   0000000019a5aaa0 0000000000000078
0x000000001f82c420:   00000000258b7ed0 000000005aff7c8f
0x000000001f82c430:   000000001f82c4c0 0000000000000014
0x000000001f82c440:   00000000000004ac 0000000019788e20
0x000000001f82c450:   0000000000000017 0000000000000000
0x000000001f82c460:   00000000001b65ec 0000000000000094
0x000000001f82c470:   00000000001b6603 0000000000000001
0x000000001f82c480:   0000000019a5add0 0000000019a5aaa0
0x000000001f82c490:   000000005b185c18 000000001f82c560 

Instructions: (pc=0x000000005b08e4e0)
0x000000005b08e4c0:   8b c1 0b c1 41 0b c0 0f 84 e8 00 00 00 41 8b c1
0x000000005b08e4d0:   23 c1 41 23 c0 3d ff 00 00 00 0f 8d d1 00 00 00
0x000000005b08e4e0:   4c 63 14 9e 48 63 d1 4d 63 d9 4c 8d 0d 4f 10 10
0x000000005b08e4f0:   00 49 8b c2 48 c1 f8 10 0f b6 c0 42 0f b6 0c 30 


Register to memory mapping:

RAX=0x0000000000000000 is an unknown value
RBX=0x000000000000000a is an unknown value
RCX=0x000000000000002b is an unknown value
RDX=0x0000000000000000 is an unknown value
RSP=0x000000001f82c3a0 is pointing into the stack for thread: 0x000000001934f800
RBP=0x0000000019a5add0 is an unknown value
RSI=0x000000011f040000 is an unknown value
RDI=0x0000000019602fab is an unknown value
R8 =0x0000000000000054 is an unknown value
R9 =0x0000000000000080 is an unknown value
R10=0x0000000019788e40 is an unknown value
R11=0x0000000000000003 is an unknown value
R12=0x000000000000001a is an unknown value
R13=0x00000000ff333333 is an unknown value
R14=0x0000000019a5aaa0 is an unknown value
R15=0x0000000000000001 is an unknown value


Stack: [0x000000001f730000,0x000000001f830000],  sp=0x000000001f82c3a0,  free space=1008k
Native frames: (J=compiled Java code, j=interpreted, Vv=VM code, C=native code)
C  [awt.dll+0x4e4e0]
C  [fontmanager.dll+0x7c8f]
C  [fontmanager.dll+0x7dd3]
C  0x000000000359e87a

Java frames: (J=compiled Java code, j=interpreted, Vv=VM code)
J 1321  sun.java2d.loops.DrawGlyphListLCD.DrawGlyphListLCD(Lsun/java2d/SunGraphics2D;Lsun/java2d/SurfaceData;Lsun/font/GlyphList;)V (0 bytes) @ 0x000000000359e7fc [0x000000000359e780+0x7c]
J 1912 C2 sun.java2d.SunGraphics2D.drawChars([CIIII)V (172 bytes) @ 0x00000000037af08c [0x00000000037ae7c0+0x8cc]
J 1934 C2 sun.swing.SwingUtilities2.drawChars(Ljavax/swing/JComponent;Ljava/awt/Graphics;[CIIII)I (379 bytes) @ 0x00000000037ac8d0 [0x00000000037ac220+0x6b0]
J 1682 C2 javax.swing.text.Utilities.drawTabbedText(Ljavax/swing/text/View;Ljavax/swing/text/Segment;IILjava/awt/Graphics;Ljavax/swing/text/TabExpander;I[I)I (409 bytes) @ 0x00000000036d0dc4 [0x00000000036d06a0+0x724]
J 1928 C2 javax.swing.text.PlainView.drawUnselectedText(Ljava/awt/Graphics;IIII)I (57 bytes) @ 0x00000000037a2a88 [0x00000000037a27a0+0x2e8]
J 1938 C2 javax.swing.text.PlainView.drawElement(ILjavax/swing/text/Element;Ljava/awt/Graphics;II)I (399 bytes) @ 0x00000000037ab560 [0x00000000037ab3e0+0x180]
J 1946% C2 javax.swing.text.PlainView.paint(Ljava/awt/Graphics;Ljava/awt/Shape;)V (455 bytes) @ 0x00000000037bb188 [0x00000000037bae60+0x328]
J 1762 C1 javax.swing.plaf.basic.BasicTextUI$RootView.paint(Ljava/awt/Graphics;Ljava/awt/Shape;)V (52 bytes) @ 0x000000000370360c [0x0000000003703080+0x58c]
J 1895 C1 javax.swing.plaf.basic.BasicTextUI.paintSafely(Ljava/awt/Graphics;)V (95 bytes) @ 0x000000000376f8f4 [0x000000000376ed80+0xb74]
J 1760 C1 javax.swing.plaf.basic.BasicTextUI.paint(Ljava/awt/Graphics;Ljavax/swing/JComponent;)V (85 bytes) @ 0x00000000036ff5dc [0x00000000036ff080+0x55c]
J 1759 C1 javax.swing.plaf.basic.BasicTextUI.update(Ljava/awt/Graphics;Ljavax/swing/JComponent;)V (7 bytes) @ 0x00000000036fecf4 [0x00000000036fec00+0xf4]
J 1723 C1 javax.swing.JComponent.paintComponent(Ljava/awt/Graphics;)V (44 bytes) @ 0x00000000036ee9ac [0x00000000036ee740+0x26c]
J 1717 C1 javax.swing.JComponent.paint(Ljava/awt/Graphics;)V (409 bytes) @ 0x00000000036dd544 [0x00000000036dbcc0+0x1884]
j  java.awt.GraphicsCallback$PaintCallback.run(Ljava/awt/Component;Ljava/awt/Graphics;)V+2
j  sun.awt.SunGraphicsCallback.runOneComponent(Ljava/awt/Component;Ljava/awt/Rectangle;Ljava/awt/Graphics;Ljava/awt/Shape;I)V+155
j  sun.awt.SunGraphicsCallback.runComponents([Ljava/awt/Component;Ljava/awt/Graphics;I)V+194
j  java.awt.Container.paint(Ljava/awt/Graphics;)V+58
j  sun.awt.RepaintArea.paintComponent(Ljava/awt/Component;Ljava/awt/Graphics;)V+6
j  sun.awt.RepaintArea.paint(Ljava/lang/Object;Z)V+326
J 870 C1 sun.awt.windows.WComponentPeer.handleEvent(Ljava/awt/AWTEvent;)V (173 bytes) @ 0x0000000003461bac [0x0000000003460cc0+0xeec]
J 871 C1 java.awt.Component.dispatchEventImpl(Ljava/awt/AWTEvent;)V (883 bytes) @ 0x000000000346a17c [0x0000000003462cc0+0x74bc]
J 736 C1 java.awt.Container.dispatchEventImpl(Ljava/awt/AWTEvent;)V (129 bytes) @ 0x00000000033effc4 [0x00000000033efe80+0x144]
J 775 C1 java.awt.EventQueue.dispatchEventImpl(Ljava/awt/AWTEvent;Ljava/lang/Object;)V (149 bytes) @ 0x000000000340733c [0x0000000003405b00+0x183c]
J 812 C1 java.awt.EventQueue$3.run()Ljava/lang/Void; (60 bytes) @ 0x00000000034226cc [0x00000000034224c0+0x20c]
J 727 C1 java.awt.EventQueue$3.run()Ljava/lang/Object; (5 bytes) @ 0x00000000033e9a0c [0x00000000033e9980+0x8c]
v  ~StubRoutines::call_stub
J 695  java.security.AccessController.doPrivileged(Ljava/security/PrivilegedAction;Ljava/security/AccessControlContext;)Ljava/lang/Object; (0 bytes) @ 0x00000000033d5126 [0x00000000033d50c0+0x66]
J 813 C1 java.awt.EventQueue$4.run()Ljava/lang/Object; (5 bytes) @ 0x00000000034231ac [0x0000000003422d80+0x42c]
v  ~StubRoutines::call_stub
J 695  java.security.AccessController.doPrivileged(Ljava/security/PrivilegedAction;Ljava/security/AccessControlContext;)Ljava/lang/Object; (0 bytes) @ 0x00000000033d5126 [0x00000000033d50c0+0x66]
J 725 C1 java.awt.EventQueue.dispatchEvent(Ljava/awt/AWTEvent;)V (80 bytes) @ 0x00000000033e85bc [0x00000000033e7740+0xe7c]
J 777 C1 java.awt.EventDispatchThread.pumpOneEventForFilters(I)V (295 bytes) @ 0x000000000340a2a4 [0x0000000003408740+0x1b64]
j  java.awt.EventDispatchThread.pumpEventsForFilter(ILjava/awt/Conditional;Ljava/awt/EventFilter;)V+35
j  java.awt.EventDispatchThread.pumpEventsForHierarchy(ILjava/awt/Conditional;Ljava/awt/Component;)V+11
j  java.awt.EventDispatchThread.pumpEvents(ILjava/awt/Conditional;)V+4
j  java.awt.EventDispatchThread.pumpEvents(Ljava/awt/Conditional;)V+3
j  java.awt.EventDispatchThread.run()V+9
v  ~StubRoutines::call_stub

---------------  P R O C E S S  ---------------

Java Threads: ( => current thread )
  0x00000000188da800 JavaThread "TimerQueue" daemon [_thread_blocked, id=16072, stack(0x0000000021400000,0x0000000021500000)]
  0x00000000195f0800 JavaThread "D3D Screen Updater" daemon [_thread_blocked, id=15492, stack(0x000000001fdf0000,0x000000001fef0000)]
=>0x000000001934f800 JavaThread "AWT-EventQueue-0" [_thread_in_native, id=15432, stack(0x000000001f730000,0x000000001f830000)]
  0x0000000019349800 JavaThread "Thread-1" [_thread_blocked, id=15596, stack(0x000000001f630000,0x000000001f730000)]
  0x0000000018ad4000 JavaThread "AWT-Windows" daemon [_thread_in_native, id=15604, stack(0x0000000019ca0000,0x0000000019da0000)]
  0x0000000018ace800 JavaThread "AWT-Shutdown" [_thread_blocked, id=16244, stack(0x0000000019ba0000,0x0000000019ca0000)]
  0x0000000018acd800 JavaThread "Java2D Disposer" daemon [_thread_blocked, id=15420, stack(0x0000000019aa0000,0x0000000019ba0000)]
  0x0000000018783800 JavaThread "Service Thread" daemon [_thread_blocked, id=15476, stack(0x0000000018ff0000,0x00000000190f0000)]
  0x00000000186fe000 JavaThread "C1 CompilerThread2" daemon [_thread_blocked, id=9036, stack(0x0000000018ef0000,0x0000000018ff0000)]
  0x00000000186f9000 JavaThread "C2 CompilerThread1" daemon [_thread_blocked, id=4624, stack(0x0000000018df0000,0x0000000018ef0000)]
  0x00000000173f8800 JavaThread "C2 CompilerThread0" daemon [_thread_blocked, id=15832, stack(0x0000000018cf0000,0x0000000018df0000)]
  0x00000000173ad800 JavaThread "Attach Listener" daemon [_thread_blocked, id=16360, stack(0x0000000018bf0000,0x0000000018cf0000)]
  0x00000000186f8800 JavaThread "Signal Dispatcher" daemon [_thread_blocked, id=16016, stack(0x0000000018af0000,0x0000000018bf0000)]
  0x0000000017389800 JavaThread "Finalizer" daemon [_thread_blocked, id=15452, stack(0x00000000185f0000,0x00000000186f0000)]
  0x0000000003131000 JavaThread "Reference Handler" daemon [_thread_blocked, id=16356, stack(0x00000000184f0000,0x00000000185f0000)]
  0x00000000012ad800 JavaThread "main" [_thread_blocked, id=16008, stack(0x0000000002f40000,0x0000000003040000)]

Other Threads:
  0x0000000017367000 VMThread [stack: 0x00000000183f0000,0x00000000184f0000] [id=16024]
  0x000000001872e800 WatcherThread [stack: 0x00000000190f0000,0x00000000191f0000] [id=14696]

VM state:not at safepoint (normal execution)

VM Mutex/Monitor currently owned by a thread: None

Heap:
 PSYoungGen      total 594944K, used 397906K [0x00000000daf00000, 0x00000000ffc00000, 0x0000000100000000)
  eden space 586752K, 67% used [0x00000000daf00000,0x00000000f3053a28,0x00000000fec00000)
  from space 8192K, 40% used [0x00000000ff400000,0x00000000ff740f58,0x00000000ffc00000)
  to   space 8192K, 0% used [0x00000000fec00000,0x00000000fec00000,0x00000000ff400000)
 ParOldGen       total 76800K, used 10897K [0x0000000090c00000, 0x0000000095700000, 0x00000000daf00000)
  object space 76800K, 14% used [0x0000000090c00000,0x00000000916a4638,0x0000000095700000)
 Metaspace       used 12478K, capacity 12732K, committed 12928K, reserved 1060864K
  class space    used 1459K, capacity 1548K, committed 1664K, reserved 1048576K

Card table byte_map: [0x0000000012500000,0x0000000012880000] byte_map_base: 0x000000001207a000

Marking Bits: (ParMarkBitMap*) 0x000000005ba5f860
 Begin Bits: [0x0000000012ee0000, 0x0000000014ab0000)
 End Bits:   [0x0000000014ab0000, 0x0000000016680000)

Polling page: 0x0000000000e50000

CodeCache: size=245760Kb used=6655Kb max_used=6671Kb free=239104Kb
 bounds [0x0000000003140000, 0x00000000037d0000, 0x0000000012140000]
 total_blobs=2440 nmethods=1947 adapters=404
 compilation: enabled

Compilation events (10 events):
Event: 15.733 Thread 0x00000000186fe000 1943       1       java.util.Calendar::getFirstDayOfWeek (5 bytes)
Event: 15.733 Thread 0x00000000186fe000 nmethod 1943 0x00000000037a0310 code [0x00000000037a0460, 0x00000000037a0570]
Event: 15.733 Thread 0x00000000186fe000 1944       1       java.util.Calendar::getMinimalDaysInFirstWeek (5 bytes)
Event: 15.733 Thread 0x00000000186fe000 nmethod 1944 0x000000000379ff90 code [0x00000000037a00e0, 0x00000000037a01f0]
Event: 16.030 Thread 0x00000000186fe000 1945       1       javax.swing.Timer::getLock (5 bytes)
Event: 16.030 Thread 0x00000000186fe000 nmethod 1945 0x00000000037a8e10 code [0x00000000037a8f60, 0x00000000037a9070]
Event: 16.093 Thread 0x00000000186f9000 1946 %     4       javax.swing.text.PlainView::paint @ 333 (455 bytes)
Event: 16.120 Thread 0x00000000186f9000 nmethod 1946% 0x00000000037bac90 code [0x00000000037bae60, 0x00000000037bbb78]
Event: 16.521 Thread 0x00000000173f8800 1947       4       javax.swing.text.PlainView::paint (455 bytes)
Event: 16.575 Thread 0x00000000173f8800 nmethod 1947 0x00000000037cb950 code [0x00000000037cbbe0, 0x00000000037cd010]

GC Heap History (10 events):
Event: 11.835 GC heap before
{Heap before GC invocations=8 (full 0):
 PSYoungGen      total 120832K, used 117767K [0x00000000daf00000, 0x00000000e9b00000, 0x0000000100000000)
  eden space 114688K, 100% used [0x00000000daf00000,0x00000000e1f00000,0x00000000e1f00000)
  from space 6144K, 50% used [0x00000000e1f00000,0x00000000e2201f78,0x00000000e2500000)
  to   space 6144K, 0% used [0x00000000e9500000,0x00000000e9500000,0x00000000e9b00000)
 ParOldGen       total 76800K, used 2959K [0x0000000090c00000, 0x0000000095700000, 0x00000000daf00000)
  object space 76800K, 3% used [0x0000000090c00000,0x0000000090ee3c68,0x0000000095700000)
 Metaspace       used 12282K, capacity 12540K, committed 12672K, reserved 1060864K
  class space    used 1459K, capacity 1548K, committed 1664K, reserved 1048576K
Event: 11.841 GC heap after
Heap after GC invocations=8 (full 0):
 PSYoungGen      total 235008K, used 2312K [0x00000000daf00000, 0x00000000e9c00000, 0x0000000100000000)
  eden space 228864K, 0% used [0x00000000daf00000,0x00000000daf00000,0x00000000e8e80000)
  from space 6144K, 37% used [0x00000000e9500000,0x00000000e9742018,0x00000000e9b00000)
  to   space 6656K, 0% used [0x00000000e8e80000,0x00000000e8e80000,0x00000000e9500000)
 ParOldGen       total 76800K, used 3191K [0x0000000090c00000, 0x0000000095700000, 0x00000000daf00000)
  object space 76800K, 4% used [0x0000000090c00000,0x0000000090f1dc68,0x0000000095700000)
 Metaspace       used 12282K, capacity 12540K, committed 12672K, reserved 1060864K
  class space    used 1459K, capacity 1548K, committed 1664K, reserved 1048576K
}
Event: 12.248 GC heap before
{Heap before GC invocations=9 (full 0):
 PSYoungGen      total 235008K, used 231176K [0x00000000daf00000, 0x00000000e9c00000, 0x0000000100000000)
  eden space 228864K, 100% used [0x00000000daf00000,0x00000000e8e80000,0x00000000e8e80000)
  from space 6144K, 37% used [0x00000000e9500000,0x00000000e9742018,0x00000000e9b00000)
  to   space 6656K, 0% used [0x00000000e8e80000,0x00000000e8e80000,0x00000000e9500000)
 ParOldGen       total 76800K, used 3191K [0x0000000090c00000, 0x0000000095700000, 0x00000000daf00000)
  object space 76800K, 4% used [0x0000000090c00000,0x0000000090f1dc68,0x0000000095700000)
 Metaspace       used 12321K, capacity 12540K, committed 12672K, reserved 1060864K
  class space    used 1459K, capacity 1548K, committed 1664K, reserved 1048576K
Event: 12.259 GC heap after
Heap after GC invocations=9 (full 0):
 PSYoungGen      total 235520K, used 4899K [0x00000000daf00000, 0x00000000f2200000, 0x0000000100000000)
  eden space 228864K, 0% used [0x00000000daf00000,0x00000000daf00000,0x00000000e8e80000)
  from space 6656K, 73% used [0x00000000e8e80000,0x00000000e9348f78,0x00000000e9500000)
  to   space 6656K, 0% used [0x00000000f1b80000,0x00000000f1b80000,0x00000000f2200000)
 ParOldGen       total 76800K, used 3639K [0x0000000090c00000, 0x0000000095700000, 0x00000000daf00000)
  object space 76800K, 4% used [0x0000000090c00000,0x0000000090f8dc68,0x0000000095700000)
 Metaspace       used 12321K, capacity 12540K, committed 12672K, reserved 1060864K
  class space    used 1459K, capacity 1548K, committed 1664K, reserved 1048576K
}
Event: 12.531 GC heap before
{Heap before GC invocations=10 (full 0):
 PSYoungGen      total 235520K, used 233763K [0x00000000daf00000, 0x00000000f2200000, 0x0000000100000000)
  eden space 228864K, 100% used [0x00000000daf00000,0x00000000e8e80000,0x00000000e8e80000)
  from space 6656K, 73% used [0x00000000e8e80000,0x00000000e9348f78,0x00000000e9500000)
  to   space 6656K, 0% used [0x00000000f1b80000,0x00000000f1b80000,0x00000000f2200000)
 ParOldGen       total 76800K, used 3639K [0x0000000090c00000, 0x0000000095700000, 0x00000000daf00000)
  object space 76800K, 4% used [0x0000000090c00000,0x0000000090f8dc68,0x0000000095700000)
 Metaspace       used 12344K, capacity 12604K, committed 12928K, reserved 1060864K
  class space    used 1459K, capacity 1548K, committed 1664K, reserved 1048576K
Event: 12.543 GC heap after
Heap after GC invocations=10 (full 0):
 PSYoungGen      total 373248K, used 5075K [0x00000000daf00000, 0x00000000f2200000, 0x0000000100000000)
  eden space 366592K, 0% used [0x00000000daf00000,0x00000000daf00000,0x00000000f1500000)
  from space 6656K, 76% used [0x00000000f1b80000,0x00000000f2074f68,0x00000000f2200000)
  to   space 6656K, 0% used [0x00000000f1500000,0x00000000f1500000,0x00000000f1b80000)
 ParOldGen       total 76800K, used 4551K [0x0000000090c00000, 0x0000000095700000, 0x00000000daf00000)
  object space 76800K, 5% used [0x0000000090c00000,0x0000000091071c68,0x0000000095700000)
 Metaspace       used 12344K, capacity 12604K, committed 12928K, reserved 1060864K
  class space    used 1459K, capacity 1548K, committed 1664K, reserved 1048576K
}
Event: 13.108 GC heap before
{Heap before GC invocations=11 (full 0):
 PSYoungGen      total 373248K, used 371667K [0x00000000daf00000, 0x00000000f2200000, 0x0000000100000000)
  eden space 366592K, 100% used [0x00000000daf00000,0x00000000f1500000,0x00000000f1500000)
  from space 6656K, 76% used [0x00000000f1b80000,0x00000000f2074f68,0x00000000f2200000)
  to   space 6656K, 0% used [0x00000000f1500000,0x00000000f1500000,0x00000000f1b80000)
 ParOldGen       total 76800K, used 4575K [0x0000000090c00000, 0x0000000095700000, 0x00000000daf00000)
  object space 76800K, 5% used [0x0000000090c00000,0x0000000091077d78,0x0000000095700000)
 Metaspace       used 12432K, capacity 12668K, committed 12928K, reserved 1060864K
  class space    used 1459K, capacity 1548K, committed 1664K, reserved 1048576K
Event: 13.123 GC heap after
Heap after GC invocations=11 (full 0):
 PSYoungGen      total 373248K, used 6651K [0x00000000daf00000, 0x00000000ffc00000, 0x0000000100000000)
  eden space 366592K, 0% used [0x00000000daf00000,0x00000000daf00000,0x00000000f1500000)
  from space 6656K, 99% used [0x00000000f1500000,0x00000000f1b7edf0,0x00000000f1b80000)
  to   space 8192K, 0% used [0x00000000ff400000,0x00000000ff400000,0x00000000ffc00000)
 ParOldGen       total 76800K, used 7143K [0x0000000090c00000, 0x0000000095700000, 0x00000000daf00000)
  object space 76800K, 9% used [0x0000000090c00000,0x00000000912f9d90,0x0000000095700000)
 Metaspace       used 12432K, capacity 12668K, committed 12928K, reserved 1060864K
  class space    used 1459K, capacity 1548K, committed 1664K, reserved 1048576K
}
Event: 13.564 GC heap before
{Heap before GC invocations=12 (full 0):
 PSYoungGen      total 373248K, used 373243K [0x00000000daf00000, 0x00000000ffc00000, 0x0000000100000000)
  eden space 366592K, 100% used [0x00000000daf00000,0x00000000f1500000,0x00000000f1500000)
  from space 6656K, 99% used [0x00000000f1500000,0x00000000f1b7edf0,0x00000000f1b80000)
  to   space 8192K, 0% used [0x00000000ff400000,0x00000000ff400000,0x00000000ffc00000)
 ParOldGen       total 76800K, used 7185K [0x0000000090c00000, 0x0000000095700000, 0x00000000daf00000)
  object space 76800K, 9% used [0x0000000090c00000,0x0000000091304638,0x0000000095700000)
 Metaspace       used 12449K, capacity 12668K, committed 12928K, reserved 1060864K
  class space    used 1459K, capacity 1548K, committed 1664K, reserved 1048576K
Event: 13.581 GC heap after
Heap after GC invocations=12 (full 0):
 PSYoungGen      total 594944K, used 3331K [0x00000000daf00000, 0x00000000ffc00000, 0x0000000100000000)
  eden space 586752K, 0% used [0x00000000daf00000,0x00000000daf00000,0x00000000fec00000)
  from space 8192K, 40% used [0x00000000ff400000,0x00000000ff740f58,0x00000000ffc00000)
  to   space 8192K, 0% used [0x00000000fec00000,0x00000000fec00000,0x00000000ff400000)
 ParOldGen       total 76800K, used 10897K [0x0000000090c00000, 0x0000000095700000, 0x00000000daf00000)
  object space 76800K, 14% used [0x0000000090c00000,0x00000000916a4638,0x0000000095700000)
 Metaspace       used 12449K, capacity 12668K, committed 12928K, reserved 1060864K
  class space    used 1459K, capacity 1548K, committed 1664K, reserved 1048576K
}

Deoptimization events (10 events):
Event: 0.823 Thread 0x00000000012ad800 Uncommon trap: reason=class_check action=maybe_recompile pc=0x000000000325cbe8 method=java.lang.String.equals(Ljava/lang/Object;)Z @ 8
Event: 0.823 Thread 0x00000000012ad800 Uncommon trap: reason=class_check action=maybe_recompile pc=0x000000000325cbe8 method=java.lang.String.equals(Ljava/lang/Object;)Z @ 8
Event: 0.823 Thread 0x00000000012ad800 Uncommon trap: reason=class_check action=maybe_recompile pc=0x000000000325cbe8 method=java.lang.String.equals(Ljava/lang/Object;)Z @ 8
Event: 0.927 Thread 0x00000000012ad800 Uncommon trap: reason=unstable_if action=reinterpret pc=0x00000000033396dc method=java.lang.String.toLowerCase(Ljava/util/Locale;)Ljava/lang/String; @ 37
Event: 8.743 Thread 0x000000001934f800 Uncommon trap: reason=unstable_if action=reinterpret pc=0x000000000348c24c method=java.util.concurrent.locks.AbstractQueuedSynchronizer.release(I)Z @ 14
Event: 10.543 Thread 0x00000000012ad800 Uncommon trap: reason=unstable_if action=reinterpret pc=0x00000000034b9bac method=sun.font.CMap$CMapFormat4.getGlyph(I)C @ 181
Event: 14.101 Thread 0x000000001934f800 Uncommon trap: reason=bimorphic action=maybe_recompile pc=0x000000000377e658 method=sun.java2d.SunGraphics2D.checkFontInfo(Lsun/java2d/loops/FontInfo;Ljava/awt/Font;Ljava/awt/font/FontRenderContext;)Lsun/java2d/loops/FontInfo; @ 622
Event: 14.103 Thread 0x000000001934f800 Uncommon trap: reason=bimorphic action=maybe_recompile pc=0x000000000377e658 method=sun.java2d.SunGraphics2D.checkFontInfo(Lsun/java2d/loops/FontInfo;Ljava/awt/Font;Ljava/awt/font/FontRenderContext;)Lsun/java2d/loops/FontInfo; @ 622
Event: 14.104 Thread 0x000000001934f800 Uncommon trap: reason=bimorphic action=maybe_recompile pc=0x000000000377e658 method=sun.java2d.SunGraphics2D.checkFontInfo(Lsun/java2d/loops/FontInfo;Ljava/awt/Font;Ljava/awt/font/FontRenderContext;)Lsun/java2d/loops/FontInfo; @ 622
Event: 14.104 Thread 0x000000001934f800 Uncommon trap: reason=bimorphic action=maybe_recompile pc=0x000000000377e658 method=sun.java2d.SunGraphics2D.checkFontInfo(Lsun/java2d/loops/FontInfo;Ljava/awt/Font;Ljava/awt/font/FontRenderContext;)Lsun/java2d/loops/FontInfo; @ 622

Classes redefined (0 events):
No events

Internal exceptions (10 events):
Event: 0.249 Thread 0x00000000012ad800 Exception <a 'java/security/PrivilegedActionException'> (0x00000000dafe0a90) thrown at [C:\re\workspace\8-2-build-windows-amd64-cygwin\jdk8u161\10277\hotspot\src\share\vm\prims\jvm.cpp, line 1390]
Event: 0.251 Thread 0x00000000012ad800 Exception <a 'java/security/PrivilegedActionException'> (0x00000000dafe49a0) thrown at [C:\re\workspace\8-2-build-windows-amd64-cygwin\jdk8u161\10277\hotspot\src\share\vm\prims\jvm.cpp, line 1390]
Event: 0.251 Thread 0x00000000012ad800 Exception <a 'java/security/PrivilegedActionException'> (0x00000000dafe4bb0) thrown at [C:\re\workspace\8-2-build-windows-amd64-cygwin\jdk8u161\10277\hotspot\src\share\vm\prims\jvm.cpp, line 1390]
Event: 0.262 Thread 0x00000000012ad800 Exception <a 'java/io/FileNotFoundException'> (0x00000000dafec6b0) thrown at [C:\re\workspace\8-2-build-windows-amd64-cygwin\jdk8u161\10277\hotspot\src\share\vm\prims\jni.cpp, line 709]
Event: 0.335 Thread 0x00000000012ad800 Exception <a 'java/lang/NoSuchFieldError': method resolution failed> (0x00000000db14d558) thrown at [C:\re\workspace\8-2-build-windows-amd64-cygwin\jdk8u161\10277\hotspot\src\share\vm\prims\methodHandles.cpp, line 1167]
Event: 0.339 Thread 0x00000000012ad800 Exception <a 'java/lang/NoSuchFieldError': method resolution failed> (0x00000000db15a928) thrown at [C:\re\workspace\8-2-build-windows-amd64-cygwin\jdk8u161\10277\hotspot\src\share\vm\prims\methodHandles.cpp, line 1167]
Event: 0.407 Thread 0x00000000012ad800 Exception <a 'java/io/FileNotFoundException'> (0x00000000db1f3260) thrown at [C:\re\workspace\8-2-build-windows-amd64-cygwin\jdk8u161\10277\hotspot\src\share\vm\prims\jni.cpp, line 709]
Event: 0.687 Thread 0x00000000012ad800 Exception <a 'java/io/FileNotFoundException'> (0x00000000db372f40) thrown at [C:\re\workspace\8-2-build-windows-amd64-cygwin\jdk8u161\10277\hotspot\src\share\vm\prims\jni.cpp, line 709]
Event: 0.687 Thread 0x00000000012ad800 Exception <a 'java/lang/NullPointerException'> (0x00000000db373578) thrown at [C:\re\workspace\8-2-build-windows-amd64-cygwin\jdk8u161\10277\hotspot\src\share\vm\interpreter\linkResolver.cpp, line 1185]
Event: 8.743 Thread 0x000000001934f800 Implicit null exception at 0x000000000348c148 to 0x000000000348c23a

Events (10 events):
Event: 14.103 Thread 0x000000001934f800 DEOPT PACKING pc=0x000000000377e658 sp=0x000000001f82c240
Event: 14.103 Thread 0x000000001934f800 DEOPT UNPACKING pc=0x000000000318583b sp=0x000000001f82c1e0 mode 2
Event: 14.104 Thread 0x000000001934f800 Uncommon trap: trap_request=0xffffffc6 fr.pc=0x000000000377e658
Event: 14.104 Thread 0x000000001934f800 DEOPT PACKING pc=0x000000000377e658 sp=0x000000001f82c240
Event: 14.104 Thread 0x000000001934f800 DEOPT UNPACKING pc=0x000000000318583b sp=0x000000001f82c1e0 mode 2
Event: 14.104 Thread 0x000000001934f800 Uncommon trap: trap_request=0xffffffc6 fr.pc=0x000000000377e658
Event: 14.104 Thread 0x000000001934f800 DEOPT PACKING pc=0x000000000377e658 sp=0x000000001f82c240
Event: 14.105 Thread 0x000000001934f800 DEOPT UNPACKING pc=0x000000000318583b sp=0x000000001f82c1e0 mode 2
Event: 16.521 Thread 0x000000001934f800 DEOPT PACKING pc=0x00000000036af71d sp=0x000000001f82c950
Event: 16.521 Thread 0x000000001934f800 DEOPT UNPACKING pc=0x0000000003187490 sp=0x000000001f82c6a0 mode 0


Dynamic libraries:
0x00007ff6a30a0000 - 0x00007ff6a30d7000 	C:\Program Files\Java\jdk1.8.0_161\bin\javaw.exe
0x00007ffb4c970000 - 0x00007ffb4cb51000 	C:\WINDOWS\SYSTEM32\ntdll.dll
0x00007ffb4c600000 - 0x00007ffb4c6b2000 	C:\WINDOWS\System32\KERNEL32.DLL
0x00007ffb496a0000 - 0x00007ffb49913000 	C:\WINDOWS\System32\KERNELBASE.dll
0x00007ffb4ba80000 - 0x00007ffb4bb21000 	C:\WINDOWS\System32\ADVAPI32.dll
0x00007ffb4be90000 - 0x00007ffb4bf2e000 	C:\WINDOWS\System32\msvcrt.dll
0x00007ffb4b9d0000 - 0x00007ffb4ba2b000 	C:\WINDOWS\System32\sechost.dll
0x00007ffb4a250000 - 0x00007ffb4a374000 	C:\WINDOWS\System32\RPCRT4.dll
0x00007ffb4bd00000 - 0x00007ffb4be90000 	C:\WINDOWS\System32\USER32.dll
0x00007ffb48e90000 - 0x00007ffb48eb0000 	C:\WINDOWS\System32\win32u.dll
0x00007ffb4bc30000 - 0x00007ffb4bc58000 	C:\WINDOWS\System32\GDI32.dll
0x00007ffb49920000 - 0x00007ffb49ab2000 	C:\WINDOWS\System32\gdi32full.dll
0x00007ffb48df0000 - 0x00007ffb48e8f000 	C:\WINDOWS\System32\msvcp_win.dll
0x00007ffb49ac0000 - 0x00007ffb49bba000 	C:\WINDOWS\System32\ucrtbase.dll
0x00007ffb39a40000 - 0x00007ffb39ca9000 	C:\WINDOWS\WinSxS\amd64_microsoft.windows.common-controls_6595b64144ccf1df_6.0.17134.285_none_fb4297e330656775\COMCTL32.dll
0x00007ffb4c170000 - 0x00007ffb4c493000 	C:\WINDOWS\System32\combase.dll
0x00007ffb48f10000 - 0x00007ffb48f8a000 	C:\WINDOWS\System32\bcryptPrimitives.dll
0x00007ffb4ba50000 - 0x00007ffb4ba7d000 	C:\WINDOWS\System32\IMM32.DLL
0x000000005bae0000 - 0x000000005bbb2000 	C:\Program Files\Java\jdk1.8.0_161\jre\bin\msvcr100.dll
0x000000005b240000 - 0x000000005badf000 	C:\Program Files\Java\jdk1.8.0_161\jre\bin\server\jvm.dll
0x00007ffb4bfe0000 - 0x00007ffb4bfe8000 	C:\WINDOWS\System32\PSAPI.DLL
0x00007ffb40520000 - 0x00007ffb40543000 	C:\WINDOWS\SYSTEM32\WINMM.dll
0x00007ffb44d30000 - 0x00007ffb44d3a000 	C:\WINDOWS\SYSTEM32\VERSION.dll
0x00007ffb40340000 - 0x00007ffb4036a000 	C:\WINDOWS\SYSTEM32\WINMMBASE.dll
0x00007ffb49db0000 - 0x00007ffb49df9000 	C:\WINDOWS\System32\cfgmgr32.dll
0x00007ffb337d0000 - 0x00007ffb337d9000 	C:\WINDOWS\SYSTEM32\WSOCK32.dll
0x00007ffb4b8a0000 - 0x00007ffb4b90c000 	C:\WINDOWS\System32\WS2_32.dll
0x000000005b230000 - 0x000000005b23f000 	C:\Program Files\Java\jdk1.8.0_161\jre\bin\verify.dll
0x000000005b200000 - 0x000000005b229000 	C:\Program Files\Java\jdk1.8.0_161\jre\bin\java.dll
0x000000005b1e0000 - 0x000000005b1f6000 	C:\Program Files\Java\jdk1.8.0_161\jre\bin\zip.dll
0x00007ffb4a460000 - 0x00007ffb4b8a0000 	C:\WINDOWS\System32\SHELL32.dll
0x00007ffb4bf30000 - 0x00007ffb4bfd9000 	C:\WINDOWS\System32\shcore.dll
0x00007ffb48f90000 - 0x00007ffb4969d000 	C:\WINDOWS\System32\windows.storage.dll
0x00007ffb4a400000 - 0x00007ffb4a451000 	C:\WINDOWS\System32\shlwapi.dll
0x00007ffb48cd0000 - 0x00007ffb48ce1000 	C:\WINDOWS\System32\kernel.appcore.dll
0x00007ffb48cf0000 - 0x00007ffb48d0f000 	C:\WINDOWS\System32\profapi.dll
0x00007ffb48c80000 - 0x00007ffb48ccc000 	C:\WINDOWS\System32\powrprof.dll
0x00007ffb48d10000 - 0x00007ffb48d1a000 	C:\WINDOWS\System32\FLTLIB.DLL
0x000000005b040000 - 0x000000005b1d8000 	C:\Program Files\Java\jdk1.8.0_161\jre\bin\awt.dll
0x00007ffb4c860000 - 0x00007ffb4c922000 	C:\WINDOWS\System32\OLEAUT32.dll
0x00007ffb470b0000 - 0x00007ffb4713b000 	C:\WINDOWS\SYSTEM32\apphelp.dll
0x00007ffb473f0000 - 0x00007ffb47419000 	C:\WINDOWS\system32\DWMAPI.DLL
0x00007ffb47160000 - 0x00007ffb471f8000 	C:\WINDOWS\system32\uxtheme.dll
0x00007ffb367e0000 - 0x00007ffb36900000 	C:\WINDOWS\system32\opengl32.dll
0x00007ffb45b00000 - 0x00007ffb45b2c000 	C:\WINDOWS\SYSTEM32\GLU32.dll
0x00007ffb4bff0000 - 0x00007ffb4c165000 	C:\WINDOWS\System32\MSCTF.dll
0x00007ffb4c4a0000 - 0x00007ffb4c5f1000 	C:\WINDOWS\System32\ole32.dll
0x00007ffb34f20000 - 0x00007ffb350b7000 	C:\WINDOWS\system32\d3d9.dll
0x00007ffb3e980000 - 0x00007ffb3eb5b000 	C:\WINDOWS\System32\DriverStore\FileRepository\u0337288.inf_amd64_e18692686066629e\B337205\aticfx64.dll
0x00007ffb3fe70000 - 0x00007ffb3fea1000 	C:\WINDOWS\System32\DriverStore\FileRepository\u0337288.inf_amd64_e18692686066629e\B337205\atiu9p64.dll
0x00007ffb240e0000 - 0x00007ffb24e26000 	C:\WINDOWS\System32\DriverStore\FileRepository\u0337288.inf_amd64_e18692686066629e\B337205\atiumd64.dll
0x0000000059520000 - 0x000000005a216000 	C:\WINDOWS\System32\DriverStore\FileRepository\u0337288.inf_amd64_e18692686066629e\B337205\atiumd6a.dll
0x000000005aff0000 - 0x000000005b037000 	C:\Program Files\Java\jdk1.8.0_161\jre\bin\fontmanager.dll
0x00007ffb4bc60000 - 0x00007ffb4bd00000 	C:\WINDOWS\System32\clbcatq.dll
0x00007ffb3eea0000 - 0x00007ffb3f04e000 	C:\WINDOWS\SYSTEM32\WindowsCodecs.dll
0x00007ffb2f1d0000 - 0x00007ffb2f228000 	C:\WINDOWS\system32\dataexchange.dll
0x00007ffb46030000 - 0x00007ffb4633b000 	C:\WINDOWS\system32\d3d11.dll
0x00007ffb46930000 - 0x00007ffb46acc000 	C:\WINDOWS\system32\dcomp.dll
0x00007ffb47a20000 - 0x00007ffb47adb000 	C:\WINDOWS\system32\dxgi.dll
0x00007ffb47550000 - 0x00007ffb47708000 	C:\WINDOWS\system32\twinapi.appcore.dll
0x00007ffb47520000 - 0x00007ffb47541000 	C:\WINDOWS\system32\RMCLIENT.dll
0x000000005afd0000 - 0x000000005afea000 	C:\Program Files\Java\jdk1.8.0_161\jre\bin\net.dll
0x00007ffb484e0000 - 0x00007ffb48546000 	C:\WINDOWS\system32\mswsock.dll
0x000000005afb0000 - 0x000000005afc1000 	C:\Program Files\Java\jdk1.8.0_161\jre\bin\nio.dll
0x000000005af60000 - 0x000000005afa2000 	C:\Program Files\Java\jdk1.8.0_161\jre\bin\t2k.dll
0x00007ffb3f430000 - 0x00007ffb3f4c7000 	C:\WINDOWS\System32\TextInputFramework.dll
0x00007ffb3f090000 - 0x00007ffb3f3ae000 	C:\WINDOWS\System32\CoreUIComponents.dll
0x00007ffb46e10000 - 0x00007ffb46eea000 	C:\WINDOWS\System32\CoreMessaging.dll
0x00007ffb47d50000 - 0x00007ffb47d81000 	C:\WINDOWS\SYSTEM32\ntmarta.dll
0x00007ffb452a0000 - 0x00007ffb453ed000 	C:\WINDOWS\SYSTEM32\wintypes.dll
0x00007ffb438f0000 - 0x00007ffb43ab9000 	C:\WINDOWS\SYSTEM32\dbghelp.dll

VM Arguments:
jvm_args: -Dfile.encoding=GBK 
java_command: ÍøÂç.MyTcp
java_class_path (initial): E:\my_java\ÍøÂç\bin
Launcher Type: SUN_STANDARD

Environment Variables:
PATH=C:/Program Files/Java/jre1.8.0_161/bin/server;C:/Program Files/Java/jre1.8.0_161/bin;C:/Program Files/Java/jre1.8.0_161/lib/amd64;C:\ProgramData\Oracle\Java\javapath;C:\WINDOWS\system32;C:\WINDOWS;C:\WINDOWS\System32\Wbem;C:\WINDOWS\System32\WindowsPowerShell\v1.0\;C:\WINDOWS\System32\OpenSSH\;C:\Users\BUG\AppData\Local\Microsoft\WindowsApps;;D:\360°²È«ä¯ÀÀÆ÷ÏÂÔØ\eclipse-java-2019-03-R-win32-x86_64\eclipse;
USERNAME=BUG
OS=Windows_NT
PROCESSOR_IDENTIFIER=AMD64 Family 21 Model 48 Stepping 1, AuthenticAMD



---------------  S Y S T E M  ---------------

OS: Windows 10.0 , 64 bit Build 17134 (10.0.17134.1)

CPU:total 4 (initial active 4) (4 cores per cpu, 1 threads per core) family 21 model 48 stepping 1, cmov, cx8, fxsr, mmx, sse, sse2, sse3, ssse3, sse4.1, sse4.2, popcnt, avx, aes, clmul, mmxext, 3dnowpref, lzcnt, sse4a, tsc, tscinvbit, tscinv, bmi1

Memory: 4k page, physical 7285256k(2931152k free), swap 9120264k(2567624k free)

vm_info: Java HotSpot(TM) 64-Bit Server VM (25.161-b12) for windows-amd64 JRE (1.8.0_161-b12), built on Dec 19 2017 17:52:25 by "java_re" with MS VC++ 10.0 (VS2010)

time: Sat Sep 14 22:35:08 2019
elapsed time: 17 seconds (0d 0h 0m 17s)

