#
# A fatal error has been detected by the Java Runtime Environment:
#
#  EXCEPTION_ACCESS_VIOLATION (0xc0000005) at pc=0x000000005b08e4e0, pid=14492, tid=0x0000000000003ae0
#
# JRE version: Java(TM) SE Runtime Environment (8.0_161-b12) (build 1.8.0_161-b12)
# Java VM: Java HotSpot(TM) 64-Bit Server VM (25.161-b12 mixed mode windows-amd64 compressed oops)
# Problematic frame:
# C  [awt.dll+0x4e4e0]
#
# Failed to write core dump. Minidumps are not enabled by default on client versions of Windows
#
# If you would like to submit a bug report, please visit:
#   http://bugreport.java.com/bugreport/crash.jsp
# The crash happened outside the Java Virtual Machine in native code.
# See problematic frame for where to report the bug.
#

---------------  T H R E A D  ---------------

Current thread (0x0000000019481000):  JavaThread "AWT-EventQueue-0" [_thread_in_native, id=15072, stack(0x000000001f8d0000,0x000000001f9d0000)]

siginfo: ExceptionCode=0xc0000005, reading address 0x000000011f1e0028

Registers:
RAX=0x0000000000000000, RBX=0x000000000000000a, RCX=0x000000000000002b, RDX=0x0000000000000000
RSP=0x000000001f9cc650, RBP=0x000000001973c280, RSI=0x000000011f1e0000, RDI=0x000000001973381b
R8 =0x0000000000000054, R9 =0x0000000000000080, R10=0x00000000218d4dd0, R11=0x0000000000000003
R12=0x000000000000001a, R13=0x00000000ff333333, R14=0x000000001973b180, R15=0x0000000000000001
RIP=0x000000005b08e4e0, EFLAGS=0x0000000000010293

Top of Stack: (sp=0x000000001f9cc650)
0x000000001f9cc650:   00000000197337fb 0000000000000003
0x000000001f9cc660:   00000000218d4dd0 0000000000000008
0x000000001f9cc670:   00000000000004ac 0000000000000054
0x000000001f9cc680:   0000000000000024 0000000000000024
0x000000001f9cc690:   0000000000000024 002193f0000002bf
0x000000001f9cc6a0:   00000000001b6603 00000000001b65ec
0x000000001f9cc6b0:   000000005b185c18 00000000194811f8
0x000000001f9cc6c0:   000000001973b180 0000000000000078
0x000000001f9cc6d0:   0000000018aae0a0 000000005aff7c8f
0x000000001f9cc6e0:   000000001f9cc770 0000000000000014
0x000000001f9cc6f0:   00000000000004ac 00000000218d4db0
0x000000001f9cc700:   0000000000000017 0000000000000000
0x000000001f9cc710:   00000000001b65ec 0000000000000094
0x000000001f9cc720:   00000000001b6603 0000000000000001
0x000000001f9cc730:   000000001973c280 000000001973b180
0x000000001f9cc740:   000000005b185c18 000000001f9cc810 

Instructions: (pc=0x000000005b08e4e0)
0x000000005b08e4c0:   8b c1 0b c1 41 0b c0 0f 84 e8 00 00 00 41 8b c1
0x000000005b08e4d0:   23 c1 41 23 c0 3d ff 00 00 00 0f 8d d1 00 00 00
0x000000005b08e4e0:   4c 63 14 9e 48 63 d1 4d 63 d9 4c 8d 0d 4f 10 10
0x000000005b08e4f0:   00 49 8b c2 48 c1 f8 10 0f b6 c0 42 0f b6 0c 30 


Register to memory mapping:

RAX=0x0000000000000000 is an unknown value
RBX=0x000000000000000a is an unknown value
RCX=0x000000000000002b is an unknown value
RDX=0x0000000000000000 is an unknown value
RSP=0x000000001f9cc650 is pointing into the stack for thread: 0x0000000019481000
RBP=0x000000001973c280 is an unknown value
RSI=0x000000011f1e0000 is an unknown value
RDI=0x000000001973381b is an unknown value
R8 =0x0000000000000054 is an unknown value
R9 =0x0000000000000080 is an unknown value
R10=0x00000000218d4dd0 is an unknown value
R11=0x0000000000000003 is an unknown value
R12=0x000000000000001a is an unknown value
R13=0x00000000ff333333 is an unknown value
R14=0x000000001973b180 is an unknown value
R15=0x0000000000000001 is an unknown value


Stack: [0x000000001f8d0000,0x000000001f9d0000],  sp=0x000000001f9cc650,  free space=1009k
Native frames: (J=compiled Java code, j=interpreted, Vv=VM code, C=native code)
C  [awt.dll+0x4e4e0]
C  [fontmanager.dll+0x7c8f]
C  [fontmanager.dll+0x7dd3]
C  0x000000000373f6fa

Java frames: (J=compiled Java code, j=interpreted, Vv=VM code)
J 1264  sun.java2d.loops.DrawGlyphListLCD.DrawGlyphListLCD(Lsun/java2d/SunGraphics2D;Lsun/java2d/SurfaceData;Lsun/font/GlyphList;)V (0 bytes) @ 0x000000000373f67c [0x000000000373f600+0x7c]
J 1292 C2 sun.swing.SwingUtilities2.drawChars(Ljavax/swing/JComponent;Ljava/awt/Graphics;[CIIII)I (379 bytes) @ 0x0000000003776958 [0x0000000003775d00+0xc58]
J 1272 C2 javax.swing.text.Utilities.drawTabbedText(Ljavax/swing/text/View;Ljavax/swing/text/Segment;IILjava/awt/Graphics;Ljavax/swing/text/TabExpander;I[I)I (409 bytes) @ 0x000000000375bff8 [0x000000000375b900+0x6f8]
J 1429 C2 javax.swing.text.PlainView.drawElement(ILjavax/swing/text/Element;Ljava/awt/Graphics;II)I (399 bytes) @ 0x00000000037e9db0 [0x00000000037e9a40+0x370]
J 1642% C2 javax.swing.text.PlainView.paint(Ljava/awt/Graphics;Ljava/awt/Shape;)V (455 bytes) @ 0x00000000038bcee4 [0x00000000038bcbc0+0x324]
j  javax.swing.plaf.basic.BasicTextUI$RootView.paint(Ljava/awt/Graphics;Ljava/awt/Shape;)V+48
j  javax.swing.plaf.basic.BasicTextUI.paintSafely(Ljava/awt/Graphics;)V+65
j  javax.swing.plaf.basic.BasicTextUI.paint(Ljava/awt/Graphics;Ljavax/swing/JComponent;)V+45
j  javax.swing.plaf.basic.BasicTextUI.update(Ljava/awt/Graphics;Ljavax/swing/JComponent;)V+3
j  javax.swing.JComponent.paintComponent(Ljava/awt/Graphics;)V+26
j  javax.swing.JComponent.paint(Ljava/awt/Graphics;)V+286
j  java.awt.GraphicsCallback$PaintCallback.run(Ljava/awt/Component;Ljava/awt/Graphics;)V+2
j  sun.awt.SunGraphicsCallback.runOneComponent(Ljava/awt/Component;Ljava/awt/Rectangle;Ljava/awt/Graphics;Ljava/awt/Shape;I)V+155
j  sun.awt.SunGraphicsCallback.runComponents([Ljava/awt/Component;Ljava/awt/Graphics;I)V+194
j  java.awt.Container.paint(Ljava/awt/Graphics;)V+58
j  sun.awt.RepaintArea.paintComponent(Ljava/awt/Component;Ljava/awt/Graphics;)V+6
j  sun.awt.RepaintArea.paint(Ljava/lang/Object;Z)V+326
j  sun.awt.windows.WComponentPeer.handleEvent(Ljava/awt/AWTEvent;)V+155
j  java.awt.Component.dispatchEventImpl(Ljava/awt/AWTEvent;)V+877
J 738 C1 java.awt.Container.dispatchEventImpl(Ljava/awt/AWTEvent;)V (129 bytes) @ 0x00000000035cfec4 [0x00000000035cfd80+0x144]
J 1208 C1 java.awt.EventQueue.dispatchEventImpl(Ljava/awt/AWTEvent;Ljava/lang/Object;)V (149 bytes) @ 0x00000000037080fc [0x00000000037068c0+0x183c]
J 1206 C1 java.awt.EventQueue$3.run()Ljava/lang/Void; (60 bytes) @ 0x000000000370350c [0x0000000003703300+0x20c]
J 1205 C1 java.awt.EventQueue$3.run()Ljava/lang/Object; (5 bytes) @ 0x00000000037021fc [0x0000000003702180+0x7c]
v  ~StubRoutines::call_stub
J 699  java.security.AccessController.doPrivileged(Ljava/security/PrivilegedAction;Ljava/security/AccessControlContext;)Ljava/lang/Object; (0 bytes) @ 0x00000000035b4e26 [0x00000000035b4dc0+0x66]
J 1213 C1 java.awt.EventQueue$4.run()Ljava/lang/Object; (5 bytes) @ 0x000000000370a46c [0x000000000370a040+0x42c]
v  ~StubRoutines::call_stub
J 699  java.security.AccessController.doPrivileged(Ljava/security/PrivilegedAction;Ljava/security/AccessControlContext;)Ljava/lang/Object; (0 bytes) @ 0x00000000035b4e26 [0x00000000035b4dc0+0x66]
J 728 C1 java.awt.EventQueue.dispatchEvent(Ljava/awt/AWTEvent;)V (80 bytes) @ 0x00000000035c693c [0x00000000035c5ac0+0xe7c]
J 731 C1 java.awt.EventDispatchThread.pumpOneEventForFilters(I)V (295 bytes) @ 0x00000000035c96e4 [0x00000000035c7b80+0x1b64]
j  java.awt.EventDispatchThread.pumpEventsForFilter(ILjava/awt/Conditional;Ljava/awt/EventFilter;)V+35
j  java.awt.EventDispatchThread.pumpEventsForHierarchy(ILjava/awt/Conditional;Ljava/awt/Component;)V+11
j  java.awt.EventDispatchThread.pumpEvents(ILjava/awt/Conditional;)V+4
j  java.awt.EventDispatchThread.pumpEvents(Ljava/awt/Conditional;)V+3
j  java.awt.EventDispatchThread.run()V+9
v  ~StubRoutines::call_stub

---------------  P R O C E S S  ---------------

Java Threads: ( => current thread )
  0x0000000019727000 JavaThread "D3D Screen Updater" daemon [_thread_blocked, id=6628, stack(0x000000001ff40000,0x0000000020040000)]
=>0x0000000019481000 JavaThread "AWT-EventQueue-0" [_thread_in_native, id=15072, stack(0x000000001f8d0000,0x000000001f9d0000)]
  0x000000001947b800 JavaThread "Thread-1" [_thread_blocked, id=5424, stack(0x000000001f7d0000,0x000000001f8d0000)]
  0x0000000018c9e000 JavaThread "AWT-Windows" daemon [_thread_in_native, id=13552, stack(0x0000000019ea0000,0x0000000019fa0000)]
  0x0000000018c9b000 JavaThread "AWT-Shutdown" [_thread_blocked, id=3800, stack(0x0000000019da0000,0x0000000019ea0000)]
  0x0000000018cb3800 JavaThread "Java2D Disposer" daemon [_thread_blocked, id=15008, stack(0x0000000019bd0000,0x0000000019cd0000)]
  0x0000000018956800 JavaThread "Service Thread" daemon [_thread_blocked, id=5464, stack(0x00000000191d0000,0x00000000192d0000)]
  0x0000000018923000 JavaThread "C1 CompilerThread2" daemon [_thread_blocked, id=12712, stack(0x00000000190d0000,0x00000000191d0000)]
  0x00000000188db000 JavaThread "C2 CompilerThread1" daemon [_thread_blocked, id=12540, stack(0x0000000018fd0000,0x00000000190d0000)]
  0x000000001758e800 JavaThread "C2 CompilerThread0" daemon [_thread_blocked, id=2524, stack(0x0000000018ed0000,0x0000000018fd0000)]
  0x00000000175d9000 JavaThread "Attach Listener" daemon [_thread_blocked, id=2480, stack(0x0000000018dd0000,0x0000000018ed0000)]
  0x00000000188d8800 JavaThread "Signal Dispatcher" daemon [_thread_blocked, id=9728, stack(0x0000000018cd0000,0x0000000018dd0000)]
  0x0000000017569800 JavaThread "Finalizer" daemon [_thread_blocked, id=13660, stack(0x00000000187d0000,0x00000000188d0000)]
  0x0000000003311000 JavaThread "Reference Handler" daemon [_thread_blocked, id=14948, stack(0x00000000186d0000,0x00000000187d0000)]
  0x000000000311d800 JavaThread "main" [_thread_blocked, id=14464, stack(0x0000000003120000,0x0000000003220000)]

Other Threads:
  0x0000000017547000 VMThread [stack: 0x00000000185d0000,0x00000000186d0000] [id=1808]
  0x0000000018959000 WatcherThread [stack: 0x00000000192d0000,0x00000000193d0000] [id=15032]

VM state:not at safepoint (normal execution)

VM Mutex/Monitor currently owned by a thread: None

Heap:
 PSYoungGen      total 591872K, used 280670K [0x00000000daf00000, 0x00000000ff600000, 0x0000000100000000)
  eden space 586752K, 47% used [0x00000000daf00000,0x00000000ebf23a58,0x00000000fec00000)
  from space 5120K, 39% used [0x00000000ff100000,0x00000000ff2f4018,0x00000000ff600000)
  to   space 5120K, 0% used [0x00000000fec00000,0x00000000fec00000,0x00000000ff100000)
 ParOldGen       total 76800K, used 10602K [0x0000000090c00000, 0x0000000095700000, 0x00000000daf00000)
  object space 76800K, 13% used [0x0000000090c00000,0x000000009165a988,0x0000000095700000)
 Metaspace       used 11840K, capacity 12092K, committed 12288K, reserved 1060864K
  class space    used 1404K, capacity 1484K, committed 1536K, reserved 1048576K

Card table byte_map: [0x00000000126e0000,0x0000000012a60000] byte_map_base: 0x000000001225a000

Marking Bits: (ParMarkBitMap*) 0x000000005ba5f860
 Begin Bits: [0x00000000130c0000, 0x0000000014c90000)
 End Bits:   [0x0000000014c90000, 0x0000000016860000)

Polling page: 0x0000000001470000

CodeCache: size=245760Kb used=5977Kb max_used=5990Kb free=239782Kb
 bounds [0x0000000003320000, 0x0000000003910000, 0x0000000012320000]
 total_blobs=2118 nmethods=1646 adapters=385
 compilation: enabled

Compilation events (10 events):
Event: 17.184 Thread 0x00000000188db000 1642 %     4       javax.swing.text.PlainView::paint @ 333 (455 bytes)
Event: 17.204 Thread 0x00000000188db000 nmethod 1642% 0x00000000038bca10 code [0x00000000038bcbc0, 0x00000000038bd8c8]
Event: 17.724 Thread 0x000000001758e800 1643       4       javax.swing.text.PlainView::paint (455 bytes)
Event: 17.764 Thread 0x000000001758e800 nmethod 1643 0x00000000038b76d0 code [0x00000000038b7900, 0x00000000038b88b0]
Event: 19.011 Thread 0x0000000018923000 1644       1       java.util.Calendar::internalSet (8 bytes)
Event: 19.011 Thread 0x0000000018923000 nmethod 1644 0x00000000038a2b90 code [0x00000000038a2ce0, 0x00000000038a2e10]
Event: 20.393 Thread 0x0000000018923000 1645       3       sun.java2d.d3d.D3DSurfaceData$D3DWindowSurfaceData::isDirty (18 bytes)
Event: 20.394 Thread 0x0000000018923000 nmethod 1645 0x000000000389c890 code [0x000000000389ca00, 0x000000000389cc68]
Event: 20.394 Thread 0x0000000018923000 1646       3       sun.java2d.StateTrackableDelegate$1::isCurrent (17 bytes)
Event: 20.394 Thread 0x0000000018923000 nmethod 1646 0x00000000038a27d0 code [0x00000000038a2920, 0x00000000038a2ad0]

GC Heap History (10 events):
Event: 10.431 GC heap before
{Heap before GC invocations=8 (full 0):
 PSYoungGen      total 118784K, used 116384K [0x00000000daf00000, 0x00000000e9800000, 0x0000000100000000)
  eden space 114688K, 100% used [0x00000000daf00000,0x00000000e1f00000,0x00000000e1f00000)
  from space 4096K, 41% used [0x00000000e1f00000,0x00000000e20a8020,0x00000000e2300000)
  to   space 4608K, 0% used [0x00000000e9380000,0x00000000e9380000,0x00000000e9800000)
 ParOldGen       total 76800K, used 2922K [0x0000000090c00000, 0x0000000095700000, 0x00000000daf00000)
  object space 76800K, 3% used [0x0000000090c00000,0x0000000090eda960,0x0000000095700000)
 Metaspace       used 11798K, capacity 12028K, committed 12288K, reserved 1060864K
  class space    used 1404K, capacity 1484K, committed 1536K, reserved 1048576K
Event: 10.436 GC heap after
Heap after GC invocations=8 (full 0):
 PSYoungGen      total 233984K, used 2816K [0x00000000daf00000, 0x00000000e9800000, 0x0000000100000000)
  eden space 229376K, 0% used [0x00000000daf00000,0x00000000daf00000,0x00000000e8f00000)
  from space 4608K, 61% used [0x00000000e9380000,0x00000000e9640028,0x00000000e9800000)
  to   space 4608K, 0% used [0x00000000e8f00000,0x00000000e8f00000,0x00000000e9380000)
 ParOldGen       total 76800K, used 3170K [0x0000000090c00000, 0x0000000095700000, 0x00000000daf00000)
  object space 76800K, 4% used [0x0000000090c00000,0x0000000090f18960,0x0000000095700000)
 Metaspace       used 11798K, capacity 12028K, committed 12288K, reserved 1060864K
  class space    used 1404K, capacity 1484K, committed 1536K, reserved 1048576K
}
Event: 10.905 GC heap before
{Heap before GC invocations=9 (full 0):
 PSYoungGen      total 233984K, used 232192K [0x00000000daf00000, 0x00000000e9800000, 0x0000000100000000)
  eden space 229376K, 100% used [0x00000000daf00000,0x00000000e8f00000,0x00000000e8f00000)
  from space 4608K, 61% used [0x00000000e9380000,0x00000000e9640028,0x00000000e9800000)
  to   space 4608K, 0% used [0x00000000e8f00000,0x00000000e8f00000,0x00000000e9380000)
 ParOldGen       total 76800K, used 3170K [0x0000000090c00000, 0x0000000095700000, 0x00000000daf00000)
  object space 76800K, 4% used [0x0000000090c00000,0x0000000090f18960,0x0000000095700000)
 Metaspace       used 11819K, capacity 12028K, committed 12288K, reserved 1060864K
  class space    used 1404K, capacity 1484K, committed 1536K, reserved 1048576K
Event: 10.917 GC heap after
Heap after GC invocations=9 (full 0):
 PSYoungGen      total 233984K, used 2864K [0x00000000daf00000, 0x00000000f1e80000, 0x0000000100000000)
  eden space 229376K, 0% used [0x00000000daf00000,0x00000000daf00000,0x00000000e8f00000)
  from space 4608K, 62% used [0x00000000e8f00000,0x00000000e91cc030,0x00000000e9380000)
  to   space 4608K, 0% used [0x00000000f1a00000,0x00000000f1a00000,0x00000000f1e80000)
 ParOldGen       total 76800K, used 3618K [0x0000000090c00000, 0x0000000095700000, 0x00000000daf00000)
  object space 76800K, 4% used [0x0000000090c00000,0x0000000090f88960,0x0000000095700000)
 Metaspace       used 11819K, capacity 12028K, committed 12288K, reserved 1060864K
  class space    used 1404K, capacity 1484K, committed 1536K, reserved 1048576K
}
Event: 14.070 GC heap before
{Heap before GC invocations=10 (full 0):
 PSYoungGen      total 233984K, used 232240K [0x00000000daf00000, 0x00000000f1e80000, 0x0000000100000000)
  eden space 229376K, 100% used [0x00000000daf00000,0x00000000e8f00000,0x00000000e8f00000)
  from space 4608K, 62% used [0x00000000e8f00000,0x00000000e91cc030,0x00000000e9380000)
  to   space 4608K, 0% used [0x00000000f1a00000,0x00000000f1a00000,0x00000000f1e80000)
 ParOldGen       total 76800K, used 3618K [0x0000000090c00000, 0x0000000095700000, 0x00000000daf00000)
  object space 76800K, 4% used [0x0000000090c00000,0x0000000090f88960,0x0000000095700000)
 Metaspace       used 11835K, capacity 12092K, committed 12288K, reserved 1060864K
  class space    used 1404K, capacity 1484K, committed 1536K, reserved 1048576K
Event: 14.081 GC heap after
Heap after GC invocations=10 (full 0):
 PSYoungGen      total 371200K, used 4592K [0x00000000daf00000, 0x00000000f1f80000, 0x0000000100000000)
  eden space 366592K, 0% used [0x00000000daf00000,0x00000000daf00000,0x00000000f1500000)
  from space 4608K, 99% used [0x00000000f1a00000,0x00000000f1e7c038,0x00000000f1e80000)
  to   space 5120K, 0% used [0x00000000f1500000,0x00000000f1500000,0x00000000f1a00000)
 ParOldGen       total 76800K, used 4562K [0x0000000090c00000, 0x0000000095700000, 0x00000000daf00000)
  object space 76800K, 5% used [0x0000000090c00000,0x0000000091074960,0x0000000095700000)
 Metaspace       used 11835K, capacity 12092K, committed 12288K, reserved 1060864K
  class space    used 1404K, capacity 1484K, committed 1536K, reserved 1048576K
}
Event: 14.595 GC heap before
{Heap before GC invocations=11 (full 0):
 PSYoungGen      total 371200K, used 371184K [0x00000000daf00000, 0x00000000f1f80000, 0x0000000100000000)
  eden space 366592K, 100% used [0x00000000daf00000,0x00000000f1500000,0x00000000f1500000)
  from space 4608K, 99% used [0x00000000f1a00000,0x00000000f1e7c038,0x00000000f1e80000)
  to   space 5120K, 0% used [0x00000000f1500000,0x00000000f1500000,0x00000000f1a00000)
 ParOldGen       total 76800K, used 4562K [0x0000000090c00000, 0x0000000095700000, 0x00000000daf00000)
  object space 76800K, 5% used [0x0000000090c00000,0x0000000091074960,0x0000000095700000)
 Metaspace       used 11835K, capacity 12092K, committed 12288K, reserved 1060864K
  class space    used 1404K, capacity 1484K, committed 1536K, reserved 1048576K
Event: 14.614 GC heap after
Heap after GC invocations=11 (full 0):
 PSYoungGen      total 371712K, used 1632K [0x00000000daf00000, 0x00000000ff600000, 0x0000000100000000)
  eden space 366592K, 0% used [0x00000000daf00000,0x00000000daf00000,0x00000000f1500000)
  from space 5120K, 31% used [0x00000000f1500000,0x00000000f1698000,0x00000000f1a00000)
  to   space 5120K, 0% used [0x00000000ff100000,0x00000000ff100000,0x00000000ff600000)
 ParOldGen       total 76800K, used 9122K [0x0000000090c00000, 0x0000000095700000, 0x00000000daf00000)
  object space 76800K, 11% used [0x0000000090c00000,0x00000000914e8988,0x0000000095700000)
 Metaspace       used 11835K, capacity 12092K, committed 12288K, reserved 1060864K
  class space    used 1404K, capacity 1484K, committed 1536K, reserved 1048576K
}
Event: 15.350 GC heap before
{Heap before GC invocations=12 (full 0):
 PSYoungGen      total 371712K, used 368224K [0x00000000daf00000, 0x00000000ff600000, 0x0000000100000000)
  eden space 366592K, 100% used [0x00000000daf00000,0x00000000f1500000,0x00000000f1500000)
  from space 5120K, 31% used [0x00000000f1500000,0x00000000f1698000,0x00000000f1a00000)
  to   space 5120K, 0% used [0x00000000ff100000,0x00000000ff100000,0x00000000ff600000)
 ParOldGen       total 76800K, used 9122K [0x0000000090c00000, 0x0000000095700000, 0x00000000daf00000)
  object space 76800K, 11% used [0x0000000090c00000,0x00000000914e8988,0x0000000095700000)
 Metaspace       used 11839K, capacity 12092K, committed 12288K, reserved 1060864K
  class space    used 1404K, capacity 1484K, committed 1536K, reserved 1048576K
Event: 15.367 GC heap after
Heap after GC invocations=12 (full 0):
 PSYoungGen      total 591872K, used 2000K [0x00000000daf00000, 0x00000000ff600000, 0x0000000100000000)
  eden space 586752K, 0% used [0x00000000daf00000,0x00000000daf00000,0x00000000fec00000)
  from space 5120K, 39% used [0x00000000ff100000,0x00000000ff2f4018,0x00000000ff600000)
  to   space 5120K, 0% used [0x00000000fec00000,0x00000000fec00000,0x00000000ff100000)
 ParOldGen       total 76800K, used 10602K [0x0000000090c00000, 0x0000000095700000, 0x00000000daf00000)
  object space 76800K, 13% used [0x0000000090c00000,0x000000009165a988,0x0000000095700000)
 Metaspace       used 11839K, capacity 12092K, committed 12288K, reserved 1060864K
  class space    used 1404K, capacity 1484K, committed 1536K, reserved 1048576K
}

Deoptimization events (8 events):
Event: 0.960 Thread 0x000000000311d800 Uncommon trap: reason=class_check action=maybe_recompile pc=0x000000000343cca8 method=java.lang.String.equals(Ljava/lang/Object;)Z @ 8
Event: 0.960 Thread 0x000000000311d800 Uncommon trap: reason=class_check action=maybe_recompile pc=0x000000000343cca8 method=java.lang.String.equals(Ljava/lang/Object;)Z @ 8
Event: 0.960 Thread 0x000000000311d800 Uncommon trap: reason=class_check action=maybe_recompile pc=0x000000000343cca8 method=java.lang.String.equals(Ljava/lang/Object;)Z @ 8
Event: 0.960 Thread 0x000000000311d800 Uncommon trap: reason=class_check action=maybe_recompile pc=0x000000000343cca8 method=java.lang.String.equals(Ljava/lang/Object;)Z @ 8
Event: 1.054 Thread 0x000000000311d800 Uncommon trap: reason=unstable_if action=reinterpret pc=0x0000000003512a98 method=java.lang.String.toLowerCase(Ljava/util/Locale;)Ljava/lang/String; @ 37
Event: 6.511 Thread 0x0000000019481000 Uncommon trap: reason=unstable_if action=reinterpret pc=0x000000000360968c method=sun.font.CMap$CMapFormat4.getGlyph(I)C @ 181
Event: 8.068 Thread 0x0000000019481000 Uncommon trap: reason=unstable_if action=reinterpret pc=0x000000000376b428 method=sun.java2d.SurfaceData.canRenderLCDText(Lsun/java2d/SunGraphics2D;)Z @ 38
Event: 10.333 Thread 0x000000000311d800 Uncommon trap: reason=unstable_if action=reinterpret pc=0x00000000037951a4 method=java.util.concurrent.atomic.AtomicBoolean.getAndSet(Z)Z @ 11

Classes redefined (0 events):
No events

Internal exceptions (10 events):
Event: 0.280 Thread 0x000000000311d800 Exception <a 'java/security/PrivilegedActionException'> (0x00000000dafe0880) thrown at [C:\re\workspace\8-2-build-windows-amd64-cygwin\jdk8u161\10277\hotspot\src\share\vm\prims\jvm.cpp, line 1390]
Event: 0.280 Thread 0x000000000311d800 Exception <a 'java/security/PrivilegedActionException'> (0x00000000dafe0a90) thrown at [C:\re\workspace\8-2-build-windows-amd64-cygwin\jdk8u161\10277\hotspot\src\share\vm\prims\jvm.cpp, line 1390]
Event: 0.284 Thread 0x000000000311d800 Exception <a 'java/security/PrivilegedActionException'> (0x00000000dafe49a0) thrown at [C:\re\workspace\8-2-build-windows-amd64-cygwin\jdk8u161\10277\hotspot\src\share\vm\prims\jvm.cpp, line 1390]
Event: 0.284 Thread 0x000000000311d800 Exception <a 'java/security/PrivilegedActionException'> (0x00000000dafe4bb0) thrown at [C:\re\workspace\8-2-build-windows-amd64-cygwin\jdk8u161\10277\hotspot\src\share\vm\prims\jvm.cpp, line 1390]
Event: 0.299 Thread 0x000000000311d800 Exception <a 'java/io/FileNotFoundException'> (0x00000000dafec6b0) thrown at [C:\re\workspace\8-2-build-windows-amd64-cygwin\jdk8u161\10277\hotspot\src\share\vm\prims\jni.cpp, line 709]
Event: 0.379 Thread 0x000000000311d800 Exception <a 'java/lang/NoSuchFieldError': method resolution failed> (0x00000000db14d558) thrown at [C:\re\workspace\8-2-build-windows-amd64-cygwin\jdk8u161\10277\hotspot\src\share\vm\prims\methodHandles.cpp, line 1167]
Event: 0.382 Thread 0x000000000311d800 Exception <a 'java/lang/NoSuchFieldError': method resolution failed> (0x00000000db15a928) thrown at [C:\re\workspace\8-2-build-windows-amd64-cygwin\jdk8u161\10277\hotspot\src\share\vm\prims\methodHandles.cpp, line 1167]
Event: 0.466 Thread 0x000000000311d800 Exception <a 'java/io/FileNotFoundException'> (0x00000000db1f3260) thrown at [C:\re\workspace\8-2-build-windows-amd64-cygwin\jdk8u161\10277\hotspot\src\share\vm\prims\jni.cpp, line 709]
Event: 0.807 Thread 0x000000000311d800 Exception <a 'java/io/FileNotFoundException'> (0x00000000db372f40) thrown at [C:\re\workspace\8-2-build-windows-amd64-cygwin\jdk8u161\10277\hotspot\src\share\vm\prims\jni.cpp, line 709]
Event: 0.807 Thread 0x000000000311d800 Exception <a 'java/lang/NullPointerException'> (0x00000000db373578) thrown at [C:\re\workspace\8-2-build-windows-amd64-cygwin\jdk8u161\10277\hotspot\src\share\vm\interpreter\linkResolver.cpp, line 1185]

Events (10 events):
Event: 14.070 Executing VM operation: ParallelGCFailedAllocation
Event: 14.081 Executing VM operation: ParallelGCFailedAllocation done
Event: 14.595 Executing VM operation: ParallelGCFailedAllocation
Event: 14.614 Executing VM operation: ParallelGCFailedAllocation done
Event: 15.350 Executing VM operation: ParallelGCFailedAllocation
Event: 15.367 Executing VM operation: ParallelGCFailedAllocation done
Event: 15.613 Thread 0x0000000019481000 DEOPT PACKING pc=0x000000000377bbba sp=0x000000001f9cdec0
Event: 15.613 Thread 0x0000000019481000 DEOPT UNPACKING pc=0x0000000003367490 sp=0x000000001f9cdbd8 mode 0
Event: 17.724 Thread 0x0000000019481000 DEOPT PACKING pc=0x00000000038843dd sp=0x000000001f9ccb10
Event: 17.724 Thread 0x0000000019481000 DEOPT UNPACKING pc=0x0000000003367490 sp=0x000000001f9cc878 mode 0


Dynamic libraries:
0x00007ff6a30a0000 - 0x00007ff6a30d7000 	C:\Program Files\Java\jdk1.8.0_161\bin\javaw.exe
0x00007ffb4c970000 - 0x00007ffb4cb51000 	C:\WINDOWS\SYSTEM32\ntdll.dll
0x00007ffb4c600000 - 0x00007ffb4c6b2000 	C:\WINDOWS\System32\KERNEL32.DLL
0x00007ffb496a0000 - 0x00007ffb49913000 	C:\WINDOWS\System32\KERNELBASE.dll
0x00007ffb4ba80000 - 0x00007ffb4bb21000 	C:\WINDOWS\System32\ADVAPI32.dll
0x00007ffb4be90000 - 0x00007ffb4bf2e000 	C:\WINDOWS\System32\msvcrt.dll
0x00007ffb4b9d0000 - 0x00007ffb4ba2b000 	C:\WINDOWS\System32\sechost.dll
0x00007ffb4a250000 - 0x00007ffb4a374000 	C:\WINDOWS\System32\RPCRT4.dll
0x00007ffb4bd00000 - 0x00007ffb4be90000 	C:\WINDOWS\System32\USER32.dll
0x00007ffb48e90000 - 0x00007ffb48eb0000 	C:\WINDOWS\System32\win32u.dll
0x00007ffb4bc30000 - 0x00007ffb4bc58000 	C:\WINDOWS\System32\GDI32.dll
0x00007ffb49920000 - 0x00007ffb49ab2000 	C:\WINDOWS\System32\gdi32full.dll
0x00007ffb48df0000 - 0x00007ffb48e8f000 	C:\WINDOWS\System32\msvcp_win.dll
0x00007ffb49ac0000 - 0x00007ffb49bba000 	C:\WINDOWS\System32\ucrtbase.dll
0x00007ffb39a40000 - 0x00007ffb39ca9000 	C:\WINDOWS\WinSxS\amd64_microsoft.windows.common-controls_6595b64144ccf1df_6.0.17134.285_none_fb4297e330656775\COMCTL32.dll
0x00007ffb4c170000 - 0x00007ffb4c493000 	C:\WINDOWS\System32\combase.dll
0x00007ffb48f10000 - 0x00007ffb48f8a000 	C:\WINDOWS\System32\bcryptPrimitives.dll
0x00007ffb4ba50000 - 0x00007ffb4ba7d000 	C:\WINDOWS\System32\IMM32.DLL
0x000000005bae0000 - 0x000000005bbb2000 	C:\Program Files\Java\jdk1.8.0_161\jre\bin\msvcr100.dll
0x000000005b240000 - 0x000000005badf000 	C:\Program Files\Java\jdk1.8.0_161\jre\bin\server\jvm.dll
0x00007ffb4bfe0000 - 0x00007ffb4bfe8000 	C:\WINDOWS\System32\PSAPI.DLL
0x00007ffb44d30000 - 0x00007ffb44d3a000 	C:\WINDOWS\SYSTEM32\VERSION.dll
0x00007ffb40520000 - 0x00007ffb40543000 	C:\WINDOWS\SYSTEM32\WINMM.dll
0x00007ffb337d0000 - 0x00007ffb337d9000 	C:\WINDOWS\SYSTEM32\WSOCK32.dll
0x00007ffb4b8a0000 - 0x00007ffb4b90c000 	C:\WINDOWS\System32\WS2_32.dll
0x00007ffb40340000 - 0x00007ffb4036a000 	C:\WINDOWS\SYSTEM32\winmmbase.dll
0x00007ffb49db0000 - 0x00007ffb49df9000 	C:\WINDOWS\System32\cfgmgr32.dll
0x000000005b230000 - 0x000000005b23f000 	C:\Program Files\Java\jdk1.8.0_161\jre\bin\verify.dll
0x000000005b200000 - 0x000000005b229000 	C:\Program Files\Java\jdk1.8.0_161\jre\bin\java.dll
0x000000005b1e0000 - 0x000000005b1f6000 	C:\Program Files\Java\jdk1.8.0_161\jre\bin\zip.dll
0x00007ffb4a460000 - 0x00007ffb4b8a0000 	C:\WINDOWS\System32\SHELL32.dll
0x00007ffb4bf30000 - 0x00007ffb4bfd9000 	C:\WINDOWS\System32\shcore.dll
0x00007ffb48f90000 - 0x00007ffb4969d000 	C:\WINDOWS\System32\windows.storage.dll
0x00007ffb4a400000 - 0x00007ffb4a451000 	C:\WINDOWS\System32\shlwapi.dll
0x00007ffb48cd0000 - 0x00007ffb48ce1000 	C:\WINDOWS\System32\kernel.appcore.dll
0x00007ffb48cf0000 - 0x00007ffb48d0f000 	C:\WINDOWS\System32\profapi.dll
0x00007ffb48c80000 - 0x00007ffb48ccc000 	C:\WINDOWS\System32\powrprof.dll
0x00007ffb48d10000 - 0x00007ffb48d1a000 	C:\WINDOWS\System32\FLTLIB.DLL
0x000000005b040000 - 0x000000005b1d8000 	C:\Program Files\Java\jdk1.8.0_161\jre\bin\awt.dll
0x00007ffb4c860000 - 0x00007ffb4c922000 	C:\WINDOWS\System32\OLEAUT32.dll
0x00007ffb470b0000 - 0x00007ffb4713b000 	C:\WINDOWS\SYSTEM32\apphelp.dll
0x00007ffb473f0000 - 0x00007ffb47419000 	C:\WINDOWS\system32\DWMAPI.DLL
0x00007ffb47160000 - 0x00007ffb471f8000 	C:\WINDOWS\system32\uxtheme.dll
0x00007ffb367e0000 - 0x00007ffb36900000 	C:\WINDOWS\system32\opengl32.dll
0x00007ffb45b00000 - 0x00007ffb45b2c000 	C:\WINDOWS\SYSTEM32\GLU32.dll
0x00007ffb4bff0000 - 0x00007ffb4c165000 	C:\WINDOWS\System32\MSCTF.dll
0x00007ffb4c4a0000 - 0x00007ffb4c5f1000 	C:\WINDOWS\System32\ole32.dll
0x00007ffb34f20000 - 0x00007ffb350b7000 	C:\WINDOWS\system32\d3d9.dll
0x00007ffb3e980000 - 0x00007ffb3eb5b000 	C:\WINDOWS\System32\DriverStore\FileRepository\u0337288.inf_amd64_e18692686066629e\B337205\aticfx64.dll
0x00007ffb3fe70000 - 0x00007ffb3fea1000 	C:\WINDOWS\System32\DriverStore\FileRepository\u0337288.inf_amd64_e18692686066629e\B337205\atiu9p64.dll
0x00007ffb240e0000 - 0x00007ffb24e26000 	C:\WINDOWS\System32\DriverStore\FileRepository\u0337288.inf_amd64_e18692686066629e\B337205\atiumd64.dll
0x0000000059520000 - 0x000000005a216000 	C:\WINDOWS\System32\DriverStore\FileRepository\u0337288.inf_amd64_e18692686066629e\B337205\atiumd6a.dll
0x000000005aff0000 - 0x000000005b037000 	C:\Program Files\Java\jdk1.8.0_161\jre\bin\fontmanager.dll
0x00007ffb4bc60000 - 0x00007ffb4bd00000 	C:\WINDOWS\System32\clbcatq.dll
0x00007ffb3eea0000 - 0x00007ffb3f04e000 	C:\WINDOWS\SYSTEM32\WindowsCodecs.dll
0x00007ffb2f1d0000 - 0x00007ffb2f228000 	C:\WINDOWS\system32\dataexchange.dll
0x00007ffb46930000 - 0x00007ffb46acc000 	C:\WINDOWS\system32\dcomp.dll
0x00007ffb46030000 - 0x00007ffb4633b000 	C:\WINDOWS\system32\d3d11.dll
0x00007ffb47a20000 - 0x00007ffb47adb000 	C:\WINDOWS\system32\dxgi.dll
0x00007ffb47550000 - 0x00007ffb47708000 	C:\WINDOWS\system32\twinapi.appcore.dll
0x00007ffb47520000 - 0x00007ffb47541000 	C:\WINDOWS\system32\RMCLIENT.dll
0x000000005afd0000 - 0x000000005afea000 	C:\Program Files\Java\jdk1.8.0_161\jre\bin\net.dll
0x00007ffb484e0000 - 0x00007ffb48546000 	C:\WINDOWS\system32\mswsock.dll
0x000000005afb0000 - 0x000000005afc1000 	C:\Program Files\Java\jdk1.8.0_161\jre\bin\nio.dll
0x000000005af60000 - 0x000000005afa2000 	C:\Program Files\Java\jdk1.8.0_161\jre\bin\t2k.dll
0x00007ffb3f430000 - 0x00007ffb3f4c7000 	C:\WINDOWS\System32\TextInputFramework.dll
0x00007ffb3f090000 - 0x00007ffb3f3ae000 	C:\WINDOWS\System32\CoreUIComponents.dll
0x00007ffb46e10000 - 0x00007ffb46eea000 	C:\WINDOWS\System32\CoreMessaging.dll
0x00007ffb47d50000 - 0x00007ffb47d81000 	C:\WINDOWS\SYSTEM32\ntmarta.dll
0x00007ffb452a0000 - 0x00007ffb453ed000 	C:\WINDOWS\SYSTEM32\wintypes.dll
0x00007ffb438f0000 - 0x00007ffb43ab9000 	C:\WINDOWS\SYSTEM32\dbghelp.dll

VM Arguments:
jvm_args: -Dfile.encoding=GBK 
java_command: ÍøÂç.MyTcp
java_class_path (initial): E:\my_java\ÍøÂç\bin
Launcher Type: SUN_STANDARD

Environment Variables:
PATH=C:/Program Files/Java/jre1.8.0_161/bin/server;C:/Program Files/Java/jre1.8.0_161/bin;C:/Program Files/Java/jre1.8.0_161/lib/amd64;C:\ProgramData\Oracle\Java\javapath;C:\WINDOWS\system32;C:\WINDOWS;C:\WINDOWS\System32\Wbem;C:\WINDOWS\System32\WindowsPowerShell\v1.0\;C:\WINDOWS\System32\OpenSSH\;C:\Users\BUG\AppData\Local\Microsoft\WindowsApps;;D:\360°²È«ä¯ÀÀÆ÷ÏÂÔØ\eclipse-java-2019-03-R-win32-x86_64\eclipse;
USERNAME=BUG
OS=Windows_NT
PROCESSOR_IDENTIFIER=AMD64 Family 21 Model 48 Stepping 1, AuthenticAMD



---------------  S Y S T E M  ---------------

OS: Windows 10.0 , 64 bit Build 17134 (10.0.17134.1)

CPU:total 4 (initial active 4) (4 cores per cpu, 1 threads per core) family 21 model 48 stepping 1, cmov, cx8, fxsr, mmx, sse, sse2, sse3, ssse3, sse4.1, sse4.2, popcnt, avx, aes, clmul, mmxext, 3dnowpref, lzcnt, sse4a, tsc, tscinvbit, tscinv, bmi1

Memory: 4k page, physical 7285256k(3246780k free), swap 9120264k(3161464k free)

vm_info: Java HotSpot(TM) 64-Bit Server VM (25.161-b12) for windows-amd64 JRE (1.8.0_161-b12), built on Dec 19 2017 17:52:25 by "java_re" with MS VC++ 10.0 (VS2010)

time: Sat Sep 14 22:20:24 2019
elapsed time: 20 seconds (0d 0h 0m 20s)

